mode: atomic
github.com/convox/rack/cmd/convox/services.go:19.13,64.26 3 1
github.com/convox/rack/cmd/convox/services.go:68.2,141.4 1 1
github.com/convox/rack/cmd/convox/services.go:64.26,66.3 1 10
github.com/convox/rack/cmd/convox/services.go:144.40,145.23 1 0
github.com/convox/rack/cmd/convox/services.go:149.2,149.20 1 0
github.com/convox/rack/cmd/convox/services.go:154.2,155.16 2 0
github.com/convox/rack/cmd/convox/services.go:159.2,161.35 2 0
github.com/convox/rack/cmd/convox/services.go:165.2,166.12 2 0
github.com/convox/rack/cmd/convox/services.go:145.23,147.3 1 0
github.com/convox/rack/cmd/convox/services.go:149.20,152.3 2 0
github.com/convox/rack/cmd/convox/services.go:155.16,157.3 1 0
github.com/convox/rack/cmd/convox/services.go:161.35,163.3 1 0
github.com/convox/rack/cmd/convox/services.go:169.45,171.26 1 0
github.com/convox/rack/cmd/convox/services.go:177.2,177.64 1 0
github.com/convox/rack/cmd/convox/services.go:182.2,184.34 2 0
github.com/convox/rack/cmd/convox/services.go:189.2,190.34 2 0
github.com/convox/rack/cmd/convox/services.go:196.2,197.32 2 0
github.com/convox/rack/cmd/convox/services.go:201.2,201.27 1 0
github.com/convox/rack/cmd/convox/services.go:205.2,206.26 2 0
github.com/convox/rack/cmd/convox/services.go:209.2,212.16 3 0
github.com/convox/rack/cmd/convox/services.go:216.2,217.12 2 0
github.com/convox/rack/cmd/convox/services.go:171.26,174.3 2 0
github.com/convox/rack/cmd/convox/services.go:177.64,180.3 2 0
github.com/convox/rack/cmd/convox/services.go:184.34,187.3 2 0
github.com/convox/rack/cmd/convox/services.go:190.34,191.18 1 0
github.com/convox/rack/cmd/convox/services.go:191.18,193.4 1 0
github.com/convox/rack/cmd/convox/services.go:197.32,199.3 1 0
github.com/convox/rack/cmd/convox/services.go:201.27,203.3 1 0
github.com/convox/rack/cmd/convox/services.go:206.26,208.3 1 0
github.com/convox/rack/cmd/convox/services.go:212.16,214.3 1 0
github.com/convox/rack/cmd/convox/services.go:220.45,222.26 1 0
github.com/convox/rack/cmd/convox/services.go:227.2,230.64 2 0
github.com/convox/rack/cmd/convox/services.go:235.2,236.34 2 0
github.com/convox/rack/cmd/convox/services.go:242.2,243.32 2 0
github.com/convox/rack/cmd/convox/services.go:247.2,247.27 1 0
github.com/convox/rack/cmd/convox/services.go:252.2,255.16 3 0
github.com/convox/rack/cmd/convox/services.go:259.2,260.12 2 0
github.com/convox/rack/cmd/convox/services.go:222.26,225.3 2 0
github.com/convox/rack/cmd/convox/services.go:230.64,233.3 2 0
github.com/convox/rack/cmd/convox/services.go:236.34,237.18 1 0
github.com/convox/rack/cmd/convox/services.go:237.18,239.4 1 0
github.com/convox/rack/cmd/convox/services.go:243.32,245.3 1 0
github.com/convox/rack/cmd/convox/services.go:247.27,250.3 2 0
github.com/convox/rack/cmd/convox/services.go:255.16,257.3 1 0
github.com/convox/rack/cmd/convox/services.go:263.45,264.24 1 0
github.com/convox/rack/cmd/convox/services.go:269.2,274.16 4 0
github.com/convox/rack/cmd/convox/services.go:278.2,279.12 2 0
github.com/convox/rack/cmd/convox/services.go:264.24,267.3 2 0
github.com/convox/rack/cmd/convox/services.go:274.16,276.3 1 0
github.com/convox/rack/cmd/convox/services.go:282.43,283.24 1 0
github.com/convox/rack/cmd/convox/services.go:288.2,291.16 3 0
github.com/convox/rack/cmd/convox/services.go:295.2,298.32 3 0
github.com/convox/rack/cmd/convox/services.go:302.2,302.30 1 0
github.com/convox/rack/cmd/convox/services.go:313.2,313.12 1 0
github.com/convox/rack/cmd/convox/services.go:283.24,286.3 2 0
github.com/convox/rack/cmd/convox/services.go:291.16,293.3 1 0
github.com/convox/rack/cmd/convox/services.go:298.32,300.3 1 0
github.com/convox/rack/cmd/convox/services.go:302.30,305.43 2 0
github.com/convox/rack/cmd/convox/services.go:305.43,307.4 1 0
github.com/convox/rack/cmd/convox/services.go:308.3,308.30 1 0
github.com/convox/rack/cmd/convox/services.go:308.30,311.3 1 0
github.com/convox/rack/cmd/convox/services.go:316.42,317.24 1 0
github.com/convox/rack/cmd/convox/services.go:322.2,325.16 3 0
github.com/convox/rack/cmd/convox/services.go:329.2,329.32 1 0
github.com/convox/rack/cmd/convox/services.go:333.2,333.23 1 0
github.com/convox/rack/cmd/convox/services.go:337.2,339.12 2 0
github.com/convox/rack/cmd/convox/services.go:317.24,320.3 2 0
github.com/convox/rack/cmd/convox/services.go:325.16,327.3 1 0
github.com/convox/rack/cmd/convox/services.go:329.32,331.3 1 0
github.com/convox/rack/cmd/convox/services.go:333.23,335.3 1 0
github.com/convox/rack/cmd/convox/services.go:342.42,344.16 2 0
github.com/convox/rack/cmd/convox/services.go:348.2,348.24 1 0
github.com/convox/rack/cmd/convox/services.go:353.2,356.16 3 0
github.com/convox/rack/cmd/convox/services.go:360.2,361.12 2 0
github.com/convox/rack/cmd/convox/services.go:344.16,346.3 1 0
github.com/convox/rack/cmd/convox/services.go:348.24,351.3 2 0
github.com/convox/rack/cmd/convox/services.go:356.16,358.3 1 0
github.com/convox/rack/cmd/convox/services.go:364.42,366.16 2 0
github.com/convox/rack/cmd/convox/services.go:370.2,370.24 1 0
github.com/convox/rack/cmd/convox/services.go:375.2,378.16 3 0
github.com/convox/rack/cmd/convox/services.go:382.2,383.12 2 0
github.com/convox/rack/cmd/convox/services.go:366.16,368.3 1 0
github.com/convox/rack/cmd/convox/services.go:370.24,373.3 2 0
github.com/convox/rack/cmd/convox/services.go:378.16,380.3 1 0
github.com/convox/rack/cmd/convox/services.go:386.44,387.24 1 0
github.com/convox/rack/cmd/convox/services.go:392.2,395.16 3 0
github.com/convox/rack/cmd/convox/services.go:399.2,400.9 2 0
github.com/convox/rack/cmd/convox/services.go:404.2,405.16 2 0
github.com/convox/rack/cmd/convox/services.go:409.2,410.16 2 0
github.com/convox/rack/cmd/convox/services.go:414.2,417.48 3 0
github.com/convox/rack/cmd/convox/services.go:429.2,430.16 2 0
github.com/convox/rack/cmd/convox/services.go:434.2,435.16 2 0
github.com/convox/rack/cmd/convox/services.go:439.2,440.12 2 0
github.com/convox/rack/cmd/convox/services.go:387.24,390.3 2 0
github.com/convox/rack/cmd/convox/services.go:395.16,397.3 1 0
github.com/convox/rack/cmd/convox/services.go:400.9,402.3 1 0
github.com/convox/rack/cmd/convox/services.go:405.16,407.3 1 0
github.com/convox/rack/cmd/convox/services.go:410.16,412.3 1 0
github.com/convox/rack/cmd/convox/services.go:417.48,420.21 2 0
github.com/convox/rack/cmd/convox/services.go:421.3,422.24 1 0
github.com/convox/rack/cmd/convox/services.go:423.3,425.24 2 0
github.com/convox/rack/cmd/convox/services.go:430.16,432.3 1 0
github.com/convox/rack/cmd/convox/services.go:435.16,437.3 1 0
github.com/convox/rack/cmd/convox/asset.go:20.60,22.16 2 0
github.com/convox/rack/cmd/convox/asset.go:26.2,30.16 4 0
github.com/convox/rack/cmd/convox/asset.go:33.2,33.18 1 0
github.com/convox/rack/cmd/convox/asset.go:37.2,37.25 1 0
github.com/convox/rack/cmd/convox/asset.go:22.16,24.3 1 0
github.com/convox/rack/cmd/convox/asset.go:30.16,32.3 1 0
github.com/convox/rack/cmd/convox/asset.go:33.18,35.3 1 0
github.com/convox/rack/cmd/convox/asset.go:52.41,54.2 1 0
github.com/convox/rack/cmd/convox/asset.go:55.40,57.2 1 0
github.com/convox/rack/cmd/convox/asset.go:58.46,60.2 1 0
github.com/convox/rack/cmd/convox/asset.go:61.47,63.2 1 0
github.com/convox/rack/cmd/convox/asset.go:64.40,66.2 1 0
github.com/convox/rack/cmd/convox/asset.go:67.45,69.2 1 0
github.com/convox/rack/cmd/convox/asset.go:73.41,78.2 1 0
github.com/convox/rack/cmd/convox/asset.go:80.36,82.16 2 0
github.com/convox/rack/cmd/convox/asset.go:86.2,88.15 3 0
github.com/convox/rack/cmd/convox/asset.go:82.16,84.3 1 0
github.com/convox/rack/cmd/convox/asset.go:94.41,96.43 2 0
github.com/convox/rack/cmd/convox/asset.go:103.2,103.52 1 0
github.com/convox/rack/cmd/convox/asset.go:96.43,98.17 2 0
github.com/convox/rack/cmd/convox/asset.go:101.3,101.22 1 0
github.com/convox/rack/cmd/convox/asset.go:98.17,100.4 1 0
github.com/convox/rack/cmd/convox/asset.go:108.36,110.16 2 0
github.com/convox/rack/cmd/convox/asset.go:114.2,114.10 1 0
github.com/convox/rack/cmd/convox/asset.go:110.16,111.54 1 0
github.com/convox/rack/cmd/convox/asset.go:120.50,122.43 2 0
github.com/convox/rack/cmd/convox/asset.go:129.2,129.56 1 0
github.com/convox/rack/cmd/convox/asset.go:122.43,124.17 2 0
github.com/convox/rack/cmd/convox/asset.go:127.3,127.21 1 0
github.com/convox/rack/cmd/convox/asset.go:124.17,126.4 1 0
github.com/convox/rack/cmd/convox/asset.go:133.28,135.29 2 0
github.com/convox/rack/cmd/convox/asset.go:138.2,138.14 1 0
github.com/convox/rack/cmd/convox/asset.go:135.29,137.3 1 0
github.com/convox/rack/cmd/convox/asset.go:159.46,161.20 2 0
github.com/convox/rack/cmd/convox/asset.go:171.2,171.22 1 0
github.com/convox/rack/cmd/convox/asset.go:174.2,175.39 2 0
github.com/convox/rack/cmd/convox/asset.go:178.2,178.16 1 0
github.com/convox/rack/cmd/convox/asset.go:161.20,164.30 3 0
github.com/convox/rack/cmd/convox/asset.go:164.30,166.19 2 0
github.com/convox/rack/cmd/convox/asset.go:166.19,168.5 1 0
github.com/convox/rack/cmd/convox/asset.go:171.22,173.3 1 0
github.com/convox/rack/cmd/convox/asset.go:175.39,177.3 1 0
github.com/convox/rack/cmd/convox/asset.go:193.43,195.16 2 0
github.com/convox/rack/cmd/convox/asset.go:198.2,199.16 2 0
github.com/convox/rack/cmd/convox/asset.go:202.2,203.16 2 0
github.com/convox/rack/cmd/convox/asset.go:206.2,207.16 2 0
github.com/convox/rack/cmd/convox/asset.go:210.2,210.73 1 0
github.com/convox/rack/cmd/convox/asset.go:195.16,197.3 1 0
github.com/convox/rack/cmd/convox/asset.go:199.16,201.3 1 0
github.com/convox/rack/cmd/convox/asset.go:203.16,205.3 1 0
github.com/convox/rack/cmd/convox/asset.go:207.16,209.3 1 0
github.com/convox/rack/cmd/convox/asset.go:214.44,217.16 2 0
github.com/convox/rack/cmd/convox/asset.go:221.2,221.33 1 0
github.com/convox/rack/cmd/convox/asset.go:227.2,227.12 1 0
github.com/convox/rack/cmd/convox/asset.go:217.16,219.3 1 0
github.com/convox/rack/cmd/convox/asset.go:221.33,223.17 2 0
github.com/convox/rack/cmd/convox/asset.go:223.17,225.4 1 0
github.com/convox/rack/cmd/convox/asset.go:230.41,233.2 2 0
github.com/convox/rack/cmd/convox/doctor.go:19.13,25.2 1 1
github.com/convox/rack/cmd/convox/doctor.go:33.36,35.25 2 0
github.com/convox/rack/cmd/convox/doctor.go:43.2,47.10 5 0
github.com/convox/rack/cmd/convox/doctor.go:35.25,37.3 1 0
github.com/convox/rack/cmd/convox/doctor.go:37.3,37.33 1 0
github.com/convox/rack/cmd/convox/doctor.go:37.33,39.3 1 0
github.com/convox/rack/cmd/convox/doctor.go:39.3,41.3 1 0
github.com/convox/rack/cmd/convox/doctor.go:76.28,78.2 1 0
github.com/convox/rack/cmd/convox/doctor.go:80.22,81.24 1 0
github.com/convox/rack/cmd/convox/doctor.go:81.24,83.31 2 0
github.com/convox/rack/cmd/convox/doctor.go:86.3,86.13 1 0
github.com/convox/rack/cmd/convox/doctor.go:83.31,85.4 1 0
github.com/convox/rack/cmd/convox/doctor.go:90.38,93.16 3 0
github.com/convox/rack/cmd/convox/doctor.go:97.2,97.36 1 0
github.com/convox/rack/cmd/convox/doctor.go:103.2,107.34 4 0
github.com/convox/rack/cmd/convox/doctor.go:113.2,123.12 4 0
github.com/convox/rack/cmd/convox/doctor.go:93.16,95.3 1 0
github.com/convox/rack/cmd/convox/doctor.go:97.36,98.34 1 0
github.com/convox/rack/cmd/convox/doctor.go:98.34,100.4 1 0
github.com/convox/rack/cmd/convox/doctor.go:107.34,108.34 1 0
github.com/convox/rack/cmd/convox/doctor.go:108.34,110.4 1 0
github.com/convox/rack/cmd/convox/doctor.go:126.52,128.16 2 0
github.com/convox/rack/cmd/convox/doctor.go:138.2,139.16 2 0
github.com/convox/rack/cmd/convox/doctor.go:142.2,145.36 2 0
github.com/convox/rack/cmd/convox/doctor.go:153.2,153.36 1 0
github.com/convox/rack/cmd/convox/doctor.go:161.2,161.12 1 0
github.com/convox/rack/cmd/convox/doctor.go:128.16,135.3 2 0
github.com/convox/rack/cmd/convox/doctor.go:139.16,141.3 1 0
github.com/convox/rack/cmd/convox/doctor.go:145.36,151.3 1 0
github.com/convox/rack/cmd/convox/doctor.go:153.36,159.3 1 0
github.com/convox/rack/cmd/convox/doctor.go:164.50,166.16 2 0
github.com/convox/rack/cmd/convox/doctor.go:170.2,175.56 2 0
github.com/convox/rack/cmd/convox/doctor.go:180.2,181.16 2 0
github.com/convox/rack/cmd/convox/doctor.go:188.2,188.12 1 0
github.com/convox/rack/cmd/convox/doctor.go:166.16,168.3 1 0
github.com/convox/rack/cmd/convox/doctor.go:175.56,177.3 1 0
github.com/convox/rack/cmd/convox/doctor.go:181.16,187.3 1 0
github.com/convox/rack/cmd/convox/doctor.go:191.51,193.2 1 0
github.com/convox/rack/cmd/convox/doctor.go:195.51,196.75 1 0
github.com/convox/rack/cmd/convox/doctor.go:220.2,221.35 2 0
github.com/convox/rack/cmd/convox/doctor.go:228.2,228.31 1 0
github.com/convox/rack/cmd/convox/doctor.go:251.2,251.12 1 0
github.com/convox/rack/cmd/convox/doctor.go:196.75,198.17 2 0
github.com/convox/rack/cmd/convox/doctor.go:201.3,203.22 2 0
github.com/convox/rack/cmd/convox/doctor.go:214.3,214.39 1 0
github.com/convox/rack/cmd/convox/doctor.go:198.17,200.4 1 0
github.com/convox/rack/cmd/convox/doctor.go:203.22,204.45 1 0
github.com/convox/rack/cmd/convox/doctor.go:204.45,208.19 3 0
github.com/convox/rack/cmd/convox/doctor.go:208.19,210.6 1 0
github.com/convox/rack/cmd/convox/doctor.go:214.39,216.4 1 0
github.com/convox/rack/cmd/convox/doctor.go:221.35,223.22 2 0
github.com/convox/rack/cmd/convox/doctor.go:223.22,225.4 1 0
github.com/convox/rack/cmd/convox/doctor.go:228.31,231.29 2 0
github.com/convox/rack/cmd/convox/doctor.go:236.3,237.39 2 0
github.com/convox/rack/cmd/convox/doctor.go:246.3,246.26 1 0
github.com/convox/rack/cmd/convox/doctor.go:231.29,234.4 2 0
github.com/convox/rack/cmd/convox/doctor.go:237.39,241.29 4 0
github.com/convox/rack/cmd/convox/doctor.go:241.29,243.5 1 0
github.com/convox/rack/cmd/convox/doctor.go:246.26,248.4 1 0
github.com/convox/rack/cmd/convox/doctor.go:254.53,255.31 1 0
github.com/convox/rack/cmd/convox/doctor.go:272.2,272.12 1 0
github.com/convox/rack/cmd/convox/doctor.go:255.31,257.17 2 0
github.com/convox/rack/cmd/convox/doctor.go:261.3,261.31 1 0
github.com/convox/rack/cmd/convox/doctor.go:257.17,259.4 1 0
github.com/convox/rack/cmd/convox/doctor.go:261.31,263.23 2 0
github.com/convox/rack/cmd/convox/doctor.go:263.23,264.27 1 0
github.com/convox/rack/cmd/convox/doctor.go:264.27,265.23 1 0
github.com/convox/rack/cmd/convox/doctor.go:265.23,267.7 1 0
github.com/convox/rack/cmd/convox/doctor.go:275.58,276.31 1 0
github.com/convox/rack/cmd/convox/doctor.go:286.2,286.12 1 0
github.com/convox/rack/cmd/convox/doctor.go:276.31,277.20 1 0
github.com/convox/rack/cmd/convox/doctor.go:277.20,281.18 4 0
github.com/convox/rack/cmd/convox/doctor.go:281.18,283.5 1 0
github.com/convox/rack/cmd/convox/doctor.go:289.50,291.16 2 0
github.com/convox/rack/cmd/convox/doctor.go:295.2,295.60 1 0
github.com/convox/rack/cmd/convox/doctor.go:309.2,310.16 2 0
github.com/convox/rack/cmd/convox/doctor.go:313.2,313.12 1 0
github.com/convox/rack/cmd/convox/doctor.go:291.16,293.3 1 0
github.com/convox/rack/cmd/convox/doctor.go:295.60,297.17 2 0
github.com/convox/rack/cmd/convox/doctor.go:300.3,300.8 1 0
github.com/convox/rack/cmd/convox/doctor.go:303.3,303.31 1 0
github.com/convox/rack/cmd/convox/doctor.go:306.3,306.13 1 0
github.com/convox/rack/cmd/convox/doctor.go:297.17,299.4 1 0
github.com/convox/rack/cmd/convox/doctor.go:300.8,302.4 1 0
github.com/convox/rack/cmd/convox/doctor.go:303.31,305.4 1 0
github.com/convox/rack/cmd/convox/doctor.go:310.16,312.3 1 0
github.com/convox/rack/cmd/convox/helpers.go:10.35,11.53 1 0
github.com/convox/rack/cmd/convox/helpers.go:15.2,15.13 1 0
github.com/convox/rack/cmd/convox/helpers.go:11.53,13.3 1 0
github.com/convox/rack/cmd/convox/helpers.go:18.39,19.16 1 0
github.com/convox/rack/cmd/convox/helpers.go:19.16,21.3 1 0
github.com/convox/rack/cmd/convox/helpers.go:21.3,23.3 1 0
github.com/convox/rack/cmd/convox/login.go:23.13,38.16 3 1
github.com/convox/rack/cmd/convox/login.go:43.2,45.52 2 1
github.com/convox/rack/cmd/convox/login.go:49.2,50.39 2 1
github.com/convox/rack/cmd/convox/login.go:55.2,55.34 1 1
github.com/convox/rack/cmd/convox/login.go:38.16,41.3 2 0
github.com/convox/rack/cmd/convox/login.go:45.52,47.3 1 0
github.com/convox/rack/cmd/convox/login.go:50.39,53.3 2 0
github.com/convox/rack/cmd/convox/login.go:55.34,57.17 2 0
github.com/convox/rack/cmd/convox/login.go:57.17,60.4 2 0
github.com/convox/rack/cmd/convox/login.go:64.37,67.23 2 0
github.com/convox/rack/cmd/convox/login.go:73.2,74.16 2 0
github.com/convox/rack/cmd/convox/login.go:78.2,78.18 1 0
github.com/convox/rack/cmd/convox/login.go:82.2,84.20 2 0
github.com/convox/rack/cmd/convox/login.go:88.2,88.20 1 0
github.com/convox/rack/cmd/convox/login.go:103.2,103.16 1 0
github.com/convox/rack/cmd/convox/login.go:111.2,112.16 2 0
github.com/convox/rack/cmd/convox/login.go:116.2,117.16 2 0
github.com/convox/rack/cmd/convox/login.go:121.2,122.12 2 0
github.com/convox/rack/cmd/convox/login.go:67.23,69.3 1 0
github.com/convox/rack/cmd/convox/login.go:69.3,71.3 1 0
github.com/convox/rack/cmd/convox/login.go:74.16,76.3 1 0
github.com/convox/rack/cmd/convox/login.go:78.18,80.3 1 0
github.com/convox/rack/cmd/convox/login.go:84.20,86.3 1 0
github.com/convox/rack/cmd/convox/login.go:88.20,91.3 1 0
github.com/convox/rack/cmd/convox/login.go:91.3,97.17 3 0
github.com/convox/rack/cmd/convox/login.go:97.17,100.4 2 0
github.com/convox/rack/cmd/convox/login.go:103.16,104.43 1 0
github.com/convox/rack/cmd/convox/login.go:104.43,106.4 1 0
github.com/convox/rack/cmd/convox/login.go:106.4,108.4 1 0
github.com/convox/rack/cmd/convox/login.go:112.16,114.3 1 0
github.com/convox/rack/cmd/convox/login.go:117.16,119.3 1 0
github.com/convox/rack/cmd/convox/login.go:125.28,128.16 2 0
github.com/convox/rack/cmd/convox/login.go:132.2,134.20 2 0
github.com/convox/rack/cmd/convox/login.go:138.2,140.16 2 0
github.com/convox/rack/cmd/convox/login.go:144.2,146.16 2 0
github.com/convox/rack/cmd/convox/login.go:150.2,152.16 2 0
github.com/convox/rack/cmd/convox/login.go:156.2,156.29 1 0
github.com/convox/rack/cmd/convox/login.go:128.16,130.3 1 0
github.com/convox/rack/cmd/convox/login.go:134.20,136.3 1 0
github.com/convox/rack/cmd/convox/login.go:140.16,142.3 1 0
github.com/convox/rack/cmd/convox/login.go:146.16,148.3 1 0
github.com/convox/rack/cmd/convox/login.go:152.16,154.3 1 0
github.com/convox/rack/cmd/convox/login.go:159.44,162.17 3 0
github.com/convox/rack/cmd/convox/login.go:166.2,169.16 3 0
github.com/convox/rack/cmd/convox/login.go:173.2,173.24 1 0
github.com/convox/rack/cmd/convox/login.go:162.17,164.3 1 0
github.com/convox/rack/cmd/convox/login.go:169.16,171.3 1 0
github.com/convox/rack/cmd/convox/login.go:176.44,181.17 3 0
github.com/convox/rack/cmd/convox/login.go:185.2,189.16 3 0
github.com/convox/rack/cmd/convox/login.go:193.2,197.16 3 0
github.com/convox/rack/cmd/convox/login.go:201.2,203.16 2 0
github.com/convox/rack/cmd/convox/login.go:207.2,207.45 1 0
github.com/convox/rack/cmd/convox/login.go:181.17,183.3 1 0
github.com/convox/rack/cmd/convox/login.go:189.16,191.3 1 0
github.com/convox/rack/cmd/convox/login.go:197.16,199.3 1 0
github.com/convox/rack/cmd/convox/login.go:203.16,205.3 1 0
github.com/convox/rack/cmd/convox/login.go:210.37,215.17 3 0
github.com/convox/rack/cmd/convox/login.go:219.2,223.16 3 0
github.com/convox/rack/cmd/convox/login.go:227.2,231.16 3 0
github.com/convox/rack/cmd/convox/login.go:235.2,235.45 1 0
github.com/convox/rack/cmd/convox/login.go:215.17,217.3 1 0
github.com/convox/rack/cmd/convox/login.go:223.16,225.3 1 0
github.com/convox/rack/cmd/convox/login.go:231.16,233.3 1 0
github.com/convox/rack/cmd/convox/login.go:238.36,240.2 1 0
github.com/convox/rack/cmd/convox/login.go:242.25,244.2 1 0
github.com/convox/rack/cmd/convox/login.go:246.45,249.16 2 0
github.com/convox/rack/cmd/convox/login.go:253.2,255.16 2 0
github.com/convox/rack/cmd/convox/login.go:259.2,259.28 1 0
github.com/convox/rack/cmd/convox/login.go:249.16,251.3 1 0
github.com/convox/rack/cmd/convox/login.go:255.16,257.3 1 0
github.com/convox/rack/cmd/convox/login.go:262.36,263.50 1 0
github.com/convox/rack/cmd/convox/login.go:267.2,269.21 2 0
github.com/convox/rack/cmd/convox/login.go:273.2,275.16 2 0
github.com/convox/rack/cmd/convox/login.go:279.2,279.45 1 0
github.com/convox/rack/cmd/convox/login.go:263.50,265.3 1 0
github.com/convox/rack/cmd/convox/login.go:269.21,271.3 1 0
github.com/convox/rack/cmd/convox/login.go:275.16,277.3 1 0
github.com/convox/rack/cmd/convox/login.go:282.40,283.62 1 0
github.com/convox/rack/cmd/convox/login.go:287.2,289.21 2 0
github.com/convox/rack/cmd/convox/login.go:293.2,295.16 2 0
github.com/convox/rack/cmd/convox/login.go:299.2,301.16 2 0
github.com/convox/rack/cmd/convox/login.go:305.2,309.24 3 0
github.com/convox/rack/cmd/convox/login.go:283.62,285.3 1 0
github.com/convox/rack/cmd/convox/login.go:289.21,291.3 1 0
github.com/convox/rack/cmd/convox/login.go:295.16,297.3 1 0
github.com/convox/rack/cmd/convox/login.go:301.16,303.3 1 0
github.com/convox/rack/cmd/convox/login.go:312.34,315.21 2 0
github.com/convox/rack/cmd/convox/login.go:331.2,332.16 2 0
github.com/convox/rack/cmd/convox/login.go:336.2,336.45 1 0
github.com/convox/rack/cmd/convox/login.go:315.21,317.17 2 0
github.com/convox/rack/cmd/convox/login.go:321.3,324.17 3 0
github.com/convox/rack/cmd/convox/login.go:328.3,328.17 1 0
github.com/convox/rack/cmd/convox/login.go:317.17,319.4 1 0
github.com/convox/rack/cmd/convox/login.go:324.17,326.4 1 0
github.com/convox/rack/cmd/convox/login.go:332.16,334.3 1 0
github.com/convox/rack/cmd/convox/login.go:339.32,343.2 2 0
github.com/convox/rack/cmd/convox/login.go:345.60,348.15 2 0
github.com/convox/rack/cmd/convox/login.go:352.2,354.16 2 0
github.com/convox/rack/cmd/convox/login.go:362.2,362.12 1 0
github.com/convox/rack/cmd/convox/login.go:348.15,350.3 1 0
github.com/convox/rack/cmd/convox/login.go:354.16,357.17 2 0
github.com/convox/rack/cmd/convox/login.go:357.17,359.4 1 0
github.com/convox/rack/cmd/convox/login.go:365.33,372.16 4 0
github.com/convox/rack/cmd/convox/login.go:377.2,377.19 1 0
github.com/convox/rack/cmd/convox/login.go:372.16,375.3 2 0
github.com/convox/rack/cmd/convox/login.go:380.33,386.16 4 0
github.com/convox/rack/cmd/convox/login.go:391.2,391.11 1 0
github.com/convox/rack/cmd/convox/login.go:386.16,389.3 2 0
github.com/convox/rack/cmd/convox/init.go:20.13,27.2 1 1
github.com/convox/rack/cmd/convox/init.go:29.36,33.16 3 0
github.com/convox/rack/cmd/convox/init.go:37.2,39.23 2 0
github.com/convox/rack/cmd/convox/init.go:43.2,44.16 2 0
github.com/convox/rack/cmd/convox/init.go:49.2,49.34 1 0
github.com/convox/rack/cmd/convox/init.go:53.2,54.16 2 0
github.com/convox/rack/cmd/convox/init.go:58.2,58.56 1 0
github.com/convox/rack/cmd/convox/init.go:33.16,35.3 1 0
github.com/convox/rack/cmd/convox/init.go:39.23,41.3 1 0
github.com/convox/rack/cmd/convox/init.go:44.16,46.3 1 0
github.com/convox/rack/cmd/convox/init.go:49.34,51.3 1 0
github.com/convox/rack/cmd/convox/init.go:54.16,56.3 1 0
github.com/convox/rack/cmd/convox/init.go:61.43,62.9 1 0
github.com/convox/rack/cmd/convox/init.go:77.2,77.18 1 0
github.com/convox/rack/cmd/convox/init.go:67.2,68.18 1 0
github.com/convox/rack/cmd/convox/init.go:69.2,70.17 1 0
github.com/convox/rack/cmd/convox/init.go:71.2,72.19 1 0
github.com/convox/rack/cmd/convox/init.go:73.2,74.16 1 0
github.com/convox/rack/cmd/convox/init.go:80.40,82.58 1 0
github.com/convox/rack/cmd/convox/init.go:86.2,90.90 3 0
github.com/convox/rack/cmd/convox/init.go:94.2,94.95 1 0
github.com/convox/rack/cmd/convox/init.go:98.2,98.96 1 0
github.com/convox/rack/cmd/convox/init.go:102.2,102.12 1 0
github.com/convox/rack/cmd/convox/init.go:82.58,84.3 1 0
github.com/convox/rack/cmd/convox/init.go:90.90,92.3 1 0
github.com/convox/rack/cmd/convox/init.go:94.95,96.3 1 0
github.com/convox/rack/cmd/convox/init.go:98.96,100.3 1 0
github.com/convox/rack/cmd/convox/init.go:105.53,106.24 1 0
github.com/convox/rack/cmd/convox/init.go:159.2,159.46 1 0
github.com/convox/rack/cmd/convox/init.go:106.24,108.17 2 0
github.com/convox/rack/cmd/convox/init.go:112.3,116.24 2 0
github.com/convox/rack/cmd/convox/init.go:148.3,150.17 2 0
github.com/convox/rack/cmd/convox/init.go:155.3,155.53 1 0
github.com/convox/rack/cmd/convox/init.go:108.17,110.4 1 0
github.com/convox/rack/cmd/convox/init.go:116.24,128.18 2 0
github.com/convox/rack/cmd/convox/init.go:145.4,145.27 1 0
github.com/convox/rack/cmd/convox/init.go:129.4,142.7 4 0
github.com/convox/rack/cmd/convox/init.go:150.17,152.4 1 0
github.com/convox/rack/cmd/convox/init.go:171.50,174.16 2 0
github.com/convox/rack/cmd/convox/init.go:178.2,182.21 3 0
github.com/convox/rack/cmd/convox/init.go:193.2,193.16 1 0
github.com/convox/rack/cmd/convox/init.go:174.16,176.3 1 0
github.com/convox/rack/cmd/convox/init.go:182.21,185.22 2 0
github.com/convox/rack/cmd/convox/init.go:185.22,190.4 1 0
github.com/convox/rack/cmd/convox/init.go:196.66,199.18 2 0
github.com/convox/rack/cmd/convox/init.go:205.2,205.62 1 0
github.com/convox/rack/cmd/convox/init.go:209.2,209.59 1 0
github.com/convox/rack/cmd/convox/init.go:213.2,215.12 2 0
github.com/convox/rack/cmd/convox/init.go:199.18,202.3 2 0
github.com/convox/rack/cmd/convox/init.go:205.62,207.3 1 0
github.com/convox/rack/cmd/convox/init.go:209.59,211.3 1 0
github.com/convox/rack/cmd/convox/init.go:218.46,221.16 2 0
github.com/convox/rack/cmd/convox/init.go:225.2,227.16 2 0
github.com/convox/rack/cmd/convox/init.go:231.2,231.43 1 0
github.com/convox/rack/cmd/convox/init.go:221.16,223.3 1 0
github.com/convox/rack/cmd/convox/init.go:227.16,229.3 1 0
github.com/convox/rack/cmd/convox/rack.go:15.13,119.2 1 1
github.com/convox/rack/cmd/convox/rack.go:121.36,122.23 1 0
github.com/convox/rack/cmd/convox/rack.go:126.2,126.20 1 0
github.com/convox/rack/cmd/convox/rack.go:131.2,132.16 2 0
github.com/convox/rack/cmd/convox/rack.go:136.2,142.12 7 0
github.com/convox/rack/cmd/convox/rack.go:122.23,124.3 1 0
github.com/convox/rack/cmd/convox/rack.go:126.20,129.3 2 0
github.com/convox/rack/cmd/convox/rack.go:132.16,134.3 1 0
github.com/convox/rack/cmd/convox/rack.go:145.40,147.16 2 0
github.com/convox/rack/cmd/convox/rack.go:151.2,151.12 1 0
github.com/convox/rack/cmd/convox/rack.go:147.16,149.3 1 0
github.com/convox/rack/cmd/convox/rack.go:154.42,156.16 2 0
github.com/convox/rack/cmd/convox/rack.go:160.2,161.16 2 0
github.com/convox/rack/cmd/convox/rack.go:165.2,167.29 2 0
github.com/convox/rack/cmd/convox/rack.go:171.2,175.27 3 0
github.com/convox/rack/cmd/convox/rack.go:179.2,180.12 2 0
github.com/convox/rack/cmd/convox/rack.go:156.16,158.3 1 0
github.com/convox/rack/cmd/convox/rack.go:161.16,163.3 1 0
github.com/convox/rack/cmd/convox/rack.go:167.29,169.3 1 0
github.com/convox/rack/cmd/convox/rack.go:175.27,177.3 1 0
github.com/convox/rack/cmd/convox/rack.go:183.45,185.16 2 0
github.com/convox/rack/cmd/convox/rack.go:189.2,191.31 2 0
github.com/convox/rack/cmd/convox/rack.go:201.2,204.16 3 0
github.com/convox/rack/cmd/convox/rack.go:208.2,209.12 2 0
github.com/convox/rack/cmd/convox/rack.go:185.16,187.3 1 0
github.com/convox/rack/cmd/convox/rack.go:191.31,194.22 2 0
github.com/convox/rack/cmd/convox/rack.go:198.3,198.30 1 0
github.com/convox/rack/cmd/convox/rack.go:194.22,196.4 1 0
github.com/convox/rack/cmd/convox/rack.go:204.16,206.3 1 0
github.com/convox/rack/cmd/convox/rack.go:212.38,214.16 2 0
github.com/convox/rack/cmd/convox/rack.go:218.2,219.16 2 0
github.com/convox/rack/cmd/convox/rack.go:223.2,223.21 1 0
github.com/convox/rack/cmd/convox/rack.go:233.2,235.12 2 0
github.com/convox/rack/cmd/convox/rack.go:214.16,216.3 1 0
github.com/convox/rack/cmd/convox/rack.go:219.16,221.3 1 0
github.com/convox/rack/cmd/convox/rack.go:223.21,225.17 2 0
github.com/convox/rack/cmd/convox/rack.go:229.3,230.13 2 0
github.com/convox/rack/cmd/convox/rack.go:225.17,227.4 1 0
github.com/convox/rack/cmd/convox/rack.go:238.42,240.16 2 0
github.com/convox/rack/cmd/convox/rack.go:244.2,245.16 2 0
github.com/convox/rack/cmd/convox/rack.go:249.2,249.23 1 0
github.com/convox/rack/cmd/convox/rack.go:257.2,258.16 2 0
github.com/convox/rack/cmd/convox/rack.go:262.2,263.63 2 0
github.com/convox/rack/cmd/convox/rack.go:269.2,270.16 2 0
github.com/convox/rack/cmd/convox/rack.go:275.2,275.35 1 0
github.com/convox/rack/cmd/convox/rack.go:280.2,283.16 3 0
github.com/convox/rack/cmd/convox/rack.go:287.2,289.20 2 0
github.com/convox/rack/cmd/convox/rack.go:302.2,302.12 1 0
github.com/convox/rack/cmd/convox/rack.go:240.16,242.3 1 0
github.com/convox/rack/cmd/convox/rack.go:245.16,247.3 1 0
github.com/convox/rack/cmd/convox/rack.go:249.23,251.17 2 0
github.com/convox/rack/cmd/convox/rack.go:254.3,254.13 1 0
github.com/convox/rack/cmd/convox/rack.go:251.17,253.4 1 0
github.com/convox/rack/cmd/convox/rack.go:258.16,260.3 1 0
github.com/convox/rack/cmd/convox/rack.go:263.63,265.3 1 0
github.com/convox/rack/cmd/convox/rack.go:265.3,265.23 1 0
github.com/convox/rack/cmd/convox/rack.go:265.23,267.3 1 0
github.com/convox/rack/cmd/convox/rack.go:270.16,272.3 1 0
github.com/convox/rack/cmd/convox/rack.go:275.35,278.3 2 0
github.com/convox/rack/cmd/convox/rack.go:283.16,285.3 1 0
github.com/convox/rack/cmd/convox/rack.go:289.20,295.47 3 0
github.com/convox/rack/cmd/convox/rack.go:299.3,299.14 1 0
github.com/convox/rack/cmd/convox/rack.go:295.47,297.4 1 0
github.com/convox/rack/cmd/convox/rack.go:305.41,310.22 3 0
github.com/convox/rack/cmd/convox/rack.go:314.2,314.21 1 0
github.com/convox/rack/cmd/convox/rack.go:319.2,319.23 1 0
github.com/convox/rack/cmd/convox/rack.go:331.2,332.16 2 0
github.com/convox/rack/cmd/convox/rack.go:336.2,337.12 2 0
github.com/convox/rack/cmd/convox/rack.go:310.22,312.3 1 0
github.com/convox/rack/cmd/convox/rack.go:314.21,316.3 1 0
github.com/convox/rack/cmd/convox/rack.go:320.2,321.31 1 0
github.com/convox/rack/cmd/convox/rack.go:326.2,328.13 2 0
github.com/convox/rack/cmd/convox/rack.go:321.31,324.4 2 0
github.com/convox/rack/cmd/convox/rack.go:332.16,334.3 1 0
github.com/convox/rack/cmd/convox/rack.go:340.44,342.16 2 0
github.com/convox/rack/cmd/convox/rack.go:346.2,349.16 3 0
github.com/convox/rack/cmd/convox/rack.go:353.2,355.29 2 0
github.com/convox/rack/cmd/convox/rack.go:370.2,373.16 3 0
github.com/convox/rack/cmd/convox/rack.go:377.2,377.27 1 0
github.com/convox/rack/cmd/convox/rack.go:383.2,383.12 1 0
github.com/convox/rack/cmd/convox/rack.go:342.16,344.3 1 0
github.com/convox/rack/cmd/convox/rack.go:349.16,351.3 1 0
github.com/convox/rack/cmd/convox/rack.go:355.29,358.44 2 0
github.com/convox/rack/cmd/convox/rack.go:363.3,363.29 1 0
github.com/convox/rack/cmd/convox/rack.go:367.3,367.50 1 0
github.com/convox/rack/cmd/convox/rack.go:358.44,361.4 2 0
github.com/convox/rack/cmd/convox/rack.go:363.29,365.4 1 0
github.com/convox/rack/cmd/convox/rack.go:373.16,375.3 1 0
github.com/convox/rack/cmd/convox/rack.go:377.27,381.3 2 0
github.com/convox/rack/cmd/convox/rack.go:386.36,388.16 2 0
github.com/convox/rack/cmd/convox/rack.go:393.2,397.42 5 0
github.com/convox/rack/cmd/convox/rack.go:388.16,391.3 2 0
github.com/convox/rack/cmd/convox/rack.go:400.47,406.6 4 0
github.com/convox/rack/cmd/convox/rack.go:432.2,432.12 1 0
github.com/convox/rack/cmd/convox/rack.go:406.6,407.10 1 0
github.com/convox/rack/cmd/convox/rack.go:408.3,410.18 2 0
github.com/convox/rack/cmd/convox/rack.go:414.4,414.20 1 0
github.com/convox/rack/cmd/convox/rack.go:427.3,428.32 1 0
github.com/convox/rack/cmd/convox/rack.go:410.18,412.5 1 0
github.com/convox/rack/cmd/convox/rack.go:415.4,416.15 1 0
github.com/convox/rack/cmd/convox/rack.go:420.5,420.15 1 0
github.com/convox/rack/cmd/convox/rack.go:421.4,422.16 1 0
github.com/convox/rack/cmd/convox/rack.go:416.15,419.6 2 0
github.com/convox/rack/cmd/convox/rack.go:422.16,425.6 2 0
github.com/convox/rack/cmd/convox/releases.go:12.13,43.2 1 1
github.com/convox/rack/cmd/convox/releases.go:45.40,47.16 2 0
github.com/convox/rack/cmd/convox/releases.go:51.2,51.23 1 0
github.com/convox/rack/cmd/convox/releases.go:55.2,55.20 1 0
github.com/convox/rack/cmd/convox/releases.go:60.2,61.16 2 0
github.com/convox/rack/cmd/convox/releases.go:65.2,66.16 2 0
github.com/convox/rack/cmd/convox/releases.go:70.2,72.29 2 0
github.com/convox/rack/cmd/convox/releases.go:82.2,83.12 2 0
github.com/convox/rack/cmd/convox/releases.go:47.16,49.3 1 0
github.com/convox/rack/cmd/convox/releases.go:51.23,53.3 1 0
github.com/convox/rack/cmd/convox/releases.go:55.20,58.3 2 0
github.com/convox/rack/cmd/convox/releases.go:61.16,63.3 1 0
github.com/convox/rack/cmd/convox/releases.go:66.16,68.3 1 0
github.com/convox/rack/cmd/convox/releases.go:72.29,75.24 2 0
github.com/convox/rack/cmd/convox/releases.go:79.3,79.59 1 0
github.com/convox/rack/cmd/convox/releases.go:75.24,77.4 1 0
github.com/convox/rack/cmd/convox/releases.go:86.43,87.23 1 0
github.com/convox/rack/cmd/convox/releases.go:92.2,95.16 3 0
github.com/convox/rack/cmd/convox/releases.go:99.2,100.16 2 0
github.com/convox/rack/cmd/convox/releases.go:104.2,110.12 6 0
github.com/convox/rack/cmd/convox/releases.go:87.23,90.3 2 0
github.com/convox/rack/cmd/convox/releases.go:95.16,97.3 1 0
github.com/convox/rack/cmd/convox/releases.go:100.16,102.3 1 0
github.com/convox/rack/cmd/convox/releases.go:113.46,114.23 1 0
github.com/convox/rack/cmd/convox/releases.go:119.2,122.16 3 0
github.com/convox/rack/cmd/convox/releases.go:126.2,129.16 3 0
github.com/convox/rack/cmd/convox/releases.go:133.2,135.20 2 0
github.com/convox/rack/cmd/convox/releases.go:145.2,145.12 1 0
github.com/convox/rack/cmd/convox/releases.go:114.23,117.3 2 0
github.com/convox/rack/cmd/convox/releases.go:122.16,124.3 1 0
github.com/convox/rack/cmd/convox/releases.go:129.16,131.3 1 0
github.com/convox/rack/cmd/convox/releases.go:135.20,138.66 2 0
github.com/convox/rack/cmd/convox/releases.go:142.3,142.20 1 0
github.com/convox/rack/cmd/convox/releases.go:138.66,140.4 1 0
github.com/convox/rack/cmd/convox/releases.go:148.73,150.2 1 0
github.com/convox/rack/cmd/convox/env.go:15.13,60.2 1 1
github.com/convox/rack/cmd/convox/env.go:62.39,64.16 2 0
github.com/convox/rack/cmd/convox/env.go:68.2,68.23 1 0
github.com/convox/rack/cmd/convox/env.go:72.2,72.20 1 0
github.com/convox/rack/cmd/convox/env.go:77.2,78.16 2 0
github.com/convox/rack/cmd/convox/env.go:82.2,84.26 2 0
github.com/convox/rack/cmd/convox/env.go:88.2,90.27 2 0
github.com/convox/rack/cmd/convox/env.go:94.2,94.12 1 0
github.com/convox/rack/cmd/convox/env.go:64.16,66.3 1 0
github.com/convox/rack/cmd/convox/env.go:68.23,70.3 1 0
github.com/convox/rack/cmd/convox/env.go:72.20,75.3 2 0
github.com/convox/rack/cmd/convox/env.go:78.16,80.3 1 0
github.com/convox/rack/cmd/convox/env.go:84.26,86.3 1 0
github.com/convox/rack/cmd/convox/env.go:90.27,92.3 1 0
github.com/convox/rack/cmd/convox/env.go:97.38,99.16 2 0
github.com/convox/rack/cmd/convox/env.go:103.2,103.24 1 0
github.com/convox/rack/cmd/convox/env.go:107.2,107.23 1 0
github.com/convox/rack/cmd/convox/env.go:111.2,114.16 3 0
github.com/convox/rack/cmd/convox/env.go:118.2,119.12 2 0
github.com/convox/rack/cmd/convox/env.go:99.16,101.3 1 0
github.com/convox/rack/cmd/convox/env.go:103.24,105.3 1 0
github.com/convox/rack/cmd/convox/env.go:107.23,109.3 1 0
github.com/convox/rack/cmd/convox/env.go:114.16,116.3 1 0
github.com/convox/rack/cmd/convox/env.go:122.38,124.16 2 0
github.com/convox/rack/cmd/convox/env.go:128.2,129.16 2 0
github.com/convox/rack/cmd/convox/env.go:133.2,135.30 2 0
github.com/convox/rack/cmd/convox/env.go:139.2,139.34 1 0
github.com/convox/rack/cmd/convox/env.go:148.2,148.33 1 0
github.com/convox/rack/cmd/convox/env.go:152.2,155.16 3 0
github.com/convox/rack/cmd/convox/env.go:159.2,161.21 2 0
github.com/convox/rack/cmd/convox/env.go:176.2,176.12 1 0
github.com/convox/rack/cmd/convox/env.go:124.16,126.3 1 0
github.com/convox/rack/cmd/convox/env.go:129.16,131.3 1 0
github.com/convox/rack/cmd/convox/env.go:135.30,137.3 1 0
github.com/convox/rack/cmd/convox/env.go:139.34,141.17 2 0
github.com/convox/rack/cmd/convox/env.go:145.3,145.21 1 0
github.com/convox/rack/cmd/convox/env.go:141.17,143.4 1 0
github.com/convox/rack/cmd/convox/env.go:148.33,150.3 1 0
github.com/convox/rack/cmd/convox/env.go:155.16,157.3 1 0
github.com/convox/rack/cmd/convox/env.go:161.21,162.24 1 0
github.com/convox/rack/cmd/convox/env.go:162.24,166.18 3 0
github.com/convox/rack/cmd/convox/env.go:170.4,170.21 1 0
github.com/convox/rack/cmd/convox/env.go:166.18,168.5 1 0
github.com/convox/rack/cmd/convox/env.go:171.4,173.4 1 0
github.com/convox/rack/cmd/convox/env.go:179.40,181.16 2 0
github.com/convox/rack/cmd/convox/env.go:185.2,185.24 1 0
github.com/convox/rack/cmd/convox/env.go:189.2,189.23 1 0
github.com/convox/rack/cmd/convox/env.go:193.2,198.16 4 0
github.com/convox/rack/cmd/convox/env.go:202.2,204.21 2 0
github.com/convox/rack/cmd/convox/env.go:219.2,219.12 1 0
github.com/convox/rack/cmd/convox/env.go:181.16,183.3 1 0
github.com/convox/rack/cmd/convox/env.go:185.24,187.3 1 0
github.com/convox/rack/cmd/convox/env.go:189.23,191.3 1 0
github.com/convox/rack/cmd/convox/env.go:198.16,200.3 1 0
github.com/convox/rack/cmd/convox/env.go:204.21,205.24 1 0
github.com/convox/rack/cmd/convox/env.go:205.24,209.18 3 0
github.com/convox/rack/cmd/convox/env.go:213.4,213.21 1 0
github.com/convox/rack/cmd/convox/env.go:209.18,211.5 1 0
github.com/convox/rack/cmd/convox/env.go:214.4,216.4 1 0
github.com/convox/rack/cmd/convox/instances.go:15.13,47.2 1 1
github.com/convox/rack/cmd/convox/instances.go:49.45,50.23 1 0
github.com/convox/rack/cmd/convox/instances.go:54.2,54.20 1 0
github.com/convox/rack/cmd/convox/instances.go:59.2,60.16 2 0
github.com/convox/rack/cmd/convox/instances.go:64.2,66.30 2 0
github.com/convox/rack/cmd/convox/instances.go:79.2,80.12 2 0
github.com/convox/rack/cmd/convox/instances.go:50.23,52.3 1 0
github.com/convox/rack/cmd/convox/instances.go:54.20,57.3 2 0
github.com/convox/rack/cmd/convox/instances.go:60.16,62.3 1 0
github.com/convox/rack/cmd/convox/instances.go:66.30,68.14 2 0
github.com/convox/rack/cmd/convox/instances.go:72.3,76.41 1 0
github.com/convox/rack/cmd/convox/instances.go:68.14,70.4 1 0
github.com/convox/rack/cmd/convox/instances.go:83.48,85.16 2 0
github.com/convox/rack/cmd/convox/instances.go:89.2,90.12 2 0
github.com/convox/rack/cmd/convox/instances.go:85.16,87.3 1 0
github.com/convox/rack/cmd/convox/instances.go:93.50,94.24 1 0
github.com/convox/rack/cmd/convox/instances.go:99.2,102.16 3 0
github.com/convox/rack/cmd/convox/instances.go:106.2,107.12 2 0
github.com/convox/rack/cmd/convox/instances.go:94.24,97.3 2 0
github.com/convox/rack/cmd/convox/instances.go:102.16,104.3 1 0
github.com/convox/rack/cmd/convox/instances.go:110.44,111.23 1 0
github.com/convox/rack/cmd/convox/instances.go:116.2,120.16 4 0
github.com/convox/rack/cmd/convox/instances.go:124.2,124.35 1 0
github.com/convox/rack/cmd/convox/instances.go:111.23,114.3 2 0
github.com/convox/rack/cmd/convox/instances.go:120.16,122.3 1 0
github.com/convox/rack/cmd/convox/instances.go:127.66,132.12 4 0
github.com/convox/rack/cmd/convox/instances.go:146.2,146.78 1 0
github.com/convox/rack/cmd/convox/instances.go:132.12,134.17 2 0
github.com/convox/rack/cmd/convox/instances.go:138.3,139.17 2 0
github.com/convox/rack/cmd/convox/instances.go:143.3,143.46 1 0
github.com/convox/rack/cmd/convox/instances.go:134.17,136.4 1 0
github.com/convox/rack/cmd/convox/instances.go:139.17,141.4 1 0
github.com/convox/rack/cmd/convox/main.go:18.13,19.45 1 1
github.com/convox/rack/cmd/convox/main.go:19.45,23.17 3 0
github.com/convox/rack/cmd/convox/main.go:28.3,29.17 2 0
github.com/convox/rack/cmd/convox/main.go:33.3,33.56 1 0
github.com/convox/rack/cmd/convox/main.go:23.17,26.4 2 0
github.com/convox/rack/cmd/convox/main.go:29.17,31.4 1 0
github.com/convox/rack/cmd/convox/main.go:37.13,43.16 5 0
github.com/convox/rack/cmd/convox/main.go:43.16,45.3 1 0
github.com/convox/rack/cmd/convox/main.go:48.36,49.23 1 0
github.com/convox/rack/cmd/convox/main.go:55.2,55.11 1 0
github.com/convox/rack/cmd/convox/main.go:49.23,50.14 1 0
github.com/convox/rack/cmd/convox/main.go:50.14,52.4 1 0
github.com/convox/rack/cmd/convox/main.go:58.41,60.39 2 0
github.com/convox/rack/cmd/convox/main.go:64.2,64.120 1 0
github.com/convox/rack/cmd/convox/main.go:60.39,62.3 1 0
github.com/convox/rack/cmd/convox/main.go:67.48,69.16 2 0
github.com/convox/rack/cmd/convox/main.go:74.2,78.11 3 0
github.com/convox/rack/cmd/convox/main.go:69.16,72.3 2 0
github.com/convox/rack/cmd/convox/registries.go:10.13,48.2 1 1
github.com/convox/rack/cmd/convox/registries.go:50.43,51.23 1 0
github.com/convox/rack/cmd/convox/registries.go:56.2,61.20 5 0
github.com/convox/rack/cmd/convox/registries.go:65.2,65.20 1 0
github.com/convox/rack/cmd/convox/registries.go:69.2,70.16 2 0
github.com/convox/rack/cmd/convox/registries.go:74.2,75.12 2 0
github.com/convox/rack/cmd/convox/registries.go:51.23,54.3 2 0
github.com/convox/rack/cmd/convox/registries.go:61.20,63.3 1 0
github.com/convox/rack/cmd/convox/registries.go:65.20,67.3 1 0
github.com/convox/rack/cmd/convox/registries.go:70.16,72.3 1 0
github.com/convox/rack/cmd/convox/registries.go:78.44,79.23 1 0
github.com/convox/rack/cmd/convox/registries.go:83.2,83.20 1 0
github.com/convox/rack/cmd/convox/registries.go:88.2,89.16 2 0
github.com/convox/rack/cmd/convox/registries.go:93.2,95.34 2 0
github.com/convox/rack/cmd/convox/registries.go:99.2,100.12 2 0
github.com/convox/rack/cmd/convox/registries.go:79.23,81.3 1 0
github.com/convox/rack/cmd/convox/registries.go:83.20,86.3 2 0
github.com/convox/rack/cmd/convox/registries.go:89.16,91.3 1 0
github.com/convox/rack/cmd/convox/registries.go:95.34,97.3 1 0
github.com/convox/rack/cmd/convox/registries.go:103.46,104.23 1 0
github.com/convox/rack/cmd/convox/registries.go:109.2,112.16 3 0
github.com/convox/rack/cmd/convox/registries.go:116.2,117.12 2 0
github.com/convox/rack/cmd/convox/registries.go:104.23,107.3 2 0
github.com/convox/rack/cmd/convox/registries.go:112.16,114.3 1 0
github.com/convox/rack/cmd/convox/convox.go:5.13,11.2 5 1
github.com/convox/rack/cmd/convox/deploy.go:13.13,27.2 1 1
github.com/convox/rack/cmd/convox/deploy.go:29.38,32.23 2 0
github.com/convox/rack/cmd/convox/deploy.go:36.2,37.16 2 0
github.com/convox/rack/cmd/convox/deploy.go:41.2,44.16 3 0
github.com/convox/rack/cmd/convox/deploy.go:48.2,48.18 1 0
github.com/convox/rack/cmd/convox/deploy.go:57.2,62.16 4 0
github.com/convox/rack/cmd/convox/deploy.go:66.2,66.19 1 0
github.com/convox/rack/cmd/convox/deploy.go:70.2,73.16 3 0
github.com/convox/rack/cmd/convox/deploy.go:77.2,79.20 2 0
github.com/convox/rack/cmd/convox/deploy.go:89.2,89.12 1 0
github.com/convox/rack/cmd/convox/deploy.go:32.23,34.3 1 0
github.com/convox/rack/cmd/convox/deploy.go:37.16,39.3 1 0
github.com/convox/rack/cmd/convox/deploy.go:44.16,46.3 1 0
github.com/convox/rack/cmd/convox/deploy.go:49.2,50.68 1 0
github.com/convox/rack/cmd/convox/deploy.go:51.2,51.29 0 0
github.com/convox/rack/cmd/convox/deploy.go:52.2,53.66 1 0
github.com/convox/rack/cmd/convox/deploy.go:62.16,64.3 1 0
github.com/convox/rack/cmd/convox/deploy.go:66.19,68.3 1 0
github.com/convox/rack/cmd/convox/deploy.go:73.16,75.3 1 0
github.com/convox/rack/cmd/convox/deploy.go:79.20,82.66 2 0
github.com/convox/rack/cmd/convox/deploy.go:86.3,86.20 1 0
github.com/convox/rack/cmd/convox/deploy.go:82.66,84.4 1 0
github.com/convox/rack/cmd/convox/install.go:63.13,146.2 2 1
github.com/convox/rack/cmd/convox/install.go:148.39,161.34 5 0
github.com/convox/rack/cmd/convox/install.go:171.2,174.25 3 0
github.com/convox/rack/cmd/convox/install.go:181.2,183.22 3 0
github.com/convox/rack/cmd/convox/install.go:187.2,189.52 2 0
github.com/convox/rack/cmd/convox/install.go:200.2,202.53 2 0
github.com/convox/rack/cmd/convox/install.go:213.2,215.48 2 0
github.com/convox/rack/cmd/convox/install.go:219.2,220.23 2 0
github.com/convox/rack/cmd/convox/install.go:224.2,231.16 5 0
github.com/convox/rack/cmd/convox/install.go:235.2,236.16 2 0
github.com/convox/rack/cmd/convox/install.go:240.2,246.16 5 0
github.com/convox/rack/cmd/convox/install.go:250.2,252.22 2 0
github.com/convox/rack/cmd/convox/install.go:256.2,258.45 2 0
github.com/convox/rack/cmd/convox/install.go:275.2,276.24 2 0
github.com/convox/rack/cmd/convox/install.go:280.2,281.16 2 0
github.com/convox/rack/cmd/convox/install.go:284.2,284.18 1 0
github.com/convox/rack/cmd/convox/install.go:288.2,289.16 2 0
github.com/convox/rack/cmd/convox/install.go:293.2,294.20 2 0
github.com/convox/rack/cmd/convox/install.go:298.2,325.48 3 0
github.com/convox/rack/cmd/convox/install.go:340.2,341.16 2 0
github.com/convox/rack/cmd/convox/install.go:353.2,353.39 1 0
github.com/convox/rack/cmd/convox/install.go:358.2,359.16 2 0
github.com/convox/rack/cmd/convox/install.go:363.2,365.77 2 0
github.com/convox/rack/cmd/convox/install.go:369.2,372.16 3 0
github.com/convox/rack/cmd/convox/install.go:376.2,377.16 2 0
github.com/convox/rack/cmd/convox/install.go:381.2,383.59 2 0
github.com/convox/rack/cmd/convox/install.go:161.34,166.13 4 0
github.com/convox/rack/cmd/convox/install.go:166.13,168.4 1 0
github.com/convox/rack/cmd/convox/install.go:174.25,176.44 2 0
github.com/convox/rack/cmd/convox/install.go:176.44,178.4 1 0
github.com/convox/rack/cmd/convox/install.go:183.22,185.3 1 0
github.com/convox/rack/cmd/convox/install.go:189.52,191.21 2 0
github.com/convox/rack/cmd/convox/install.go:195.3,197.25 3 0
github.com/convox/rack/cmd/convox/install.go:191.21,193.4 1 0
github.com/convox/rack/cmd/convox/install.go:202.53,204.21 2 0
github.com/convox/rack/cmd/convox/install.go:208.3,210.32 3 0
github.com/convox/rack/cmd/convox/install.go:204.21,206.4 1 0
github.com/convox/rack/cmd/convox/install.go:215.48,217.3 1 0
github.com/convox/rack/cmd/convox/install.go:220.23,222.3 1 0
github.com/convox/rack/cmd/convox/install.go:231.16,233.3 1 0
github.com/convox/rack/cmd/convox/install.go:236.16,238.3 1 0
github.com/convox/rack/cmd/convox/install.go:246.16,248.3 1 0
github.com/convox/rack/cmd/convox/install.go:252.22,254.3 1 0
github.com/convox/rack/cmd/convox/install.go:258.45,261.3 2 0
github.com/convox/rack/cmd/convox/install.go:261.3,261.52 1 0
github.com/convox/rack/cmd/convox/install.go:261.52,265.17 3 0
github.com/convox/rack/cmd/convox/install.go:269.3,269.37 1 0
github.com/convox/rack/cmd/convox/install.go:265.17,267.4 1 0
github.com/convox/rack/cmd/convox/install.go:269.37,272.4 2 0
github.com/convox/rack/cmd/convox/install.go:276.24,278.3 1 0
github.com/convox/rack/cmd/convox/install.go:281.16,283.3 1 0
github.com/convox/rack/cmd/convox/install.go:284.18,286.3 1 0
github.com/convox/rack/cmd/convox/install.go:289.16,291.3 1 0
github.com/convox/rack/cmd/convox/install.go:294.20,296.3 1 0
github.com/convox/rack/cmd/convox/install.go:325.48,327.17 2 0
github.com/convox/rack/cmd/convox/install.go:331.3,332.46 2 0
github.com/convox/rack/cmd/convox/install.go:336.3,337.44 2 0
github.com/convox/rack/cmd/convox/install.go:327.17,329.4 1 0
github.com/convox/rack/cmd/convox/install.go:332.46,334.4 1 0
github.com/convox/rack/cmd/convox/install.go:341.16,342.43 1 0
github.com/convox/rack/cmd/convox/install.go:348.3,348.95 1 0
github.com/convox/rack/cmd/convox/install.go:342.43,343.49 1 0
github.com/convox/rack/cmd/convox/install.go:343.49,345.5 1 0
github.com/convox/rack/cmd/convox/install.go:353.39,356.3 2 0
github.com/convox/rack/cmd/convox/install.go:359.16,361.3 1 0
github.com/convox/rack/cmd/convox/install.go:365.77,367.3 1 0
github.com/convox/rack/cmd/convox/install.go:372.16,374.3 1 0
github.com/convox/rack/cmd/convox/install.go:377.16,379.3 1 0
github.com/convox/rack/cmd/convox/install.go:387.69,396.16 4 0
github.com/convox/rack/cmd/convox/install.go:403.2,406.16 2 0
github.com/convox/rack/cmd/convox/install.go:412.2,412.51 1 0
github.com/convox/rack/cmd/convox/install.go:418.2,418.70 1 0
github.com/convox/rack/cmd/convox/install.go:396.16,397.39 1 0
github.com/convox/rack/cmd/convox/install.go:400.3,400.51 1 0
github.com/convox/rack/cmd/convox/install.go:397.39,399.4 1 0
github.com/convox/rack/cmd/convox/install.go:406.16,407.39 1 0
github.com/convox/rack/cmd/convox/install.go:407.39,409.4 1 0
github.com/convox/rack/cmd/convox/install.go:412.51,413.50 1 0
github.com/convox/rack/cmd/convox/install.go:413.50,415.4 1 0
github.com/convox/rack/cmd/convox/install.go:421.66,427.45 2 0
github.com/convox/rack/cmd/convox/install.go:431.2,431.15 1 0
github.com/convox/rack/cmd/convox/install.go:427.45,429.3 1 0
github.com/convox/rack/cmd/convox/install.go:434.118,435.6 1 0
github.com/convox/rack/cmd/convox/install.go:435.6,439.17 2 0
github.com/convox/rack/cmd/convox/install.go:443.3,444.17 2 0
github.com/convox/rack/cmd/convox/install.go:448.3,448.28 1 0
github.com/convox/rack/cmd/convox/install.go:452.3,452.38 1 0
github.com/convox/rack/cmd/convox/install.go:471.3,471.30 1 0
github.com/convox/rack/cmd/convox/install.go:439.17,441.4 1 0
github.com/convox/rack/cmd/convox/install.go:444.17,446.4 1 0
github.com/convox/rack/cmd/convox/install.go:448.28,450.4 1 0
github.com/convox/rack/cmd/convox/install.go:453.3,454.45 1 0
github.com/convox/rack/cmd/convox/install.go:460.4,460.95 1 0
github.com/convox/rack/cmd/convox/install.go:461.3,462.93 1 0
github.com/convox/rack/cmd/convox/install.go:463.3,464.93 1 0
github.com/convox/rack/cmd/convox/install.go:465.3,466.18 1 0
github.com/convox/rack/cmd/convox/install.go:467.3,468.93 1 0
github.com/convox/rack/cmd/convox/install.go:454.45,455.36 1 0
github.com/convox/rack/cmd/convox/install.go:455.36,457.6 1 0
github.com/convox/rack/cmd/convox/install.go:477.106,482.16 2 0
github.com/convox/rack/cmd/convox/install.go:486.2,486.40 1 0
github.com/convox/rack/cmd/convox/install.go:550.2,550.12 1 0
github.com/convox/rack/cmd/convox/install.go:482.16,484.3 1 0
github.com/convox/rack/cmd/convox/install.go:486.40,487.29 1 0
github.com/convox/rack/cmd/convox/install.go:491.3,494.62 2 0
github.com/convox/rack/cmd/convox/install.go:499.3,501.17 2 0
github.com/convox/rack/cmd/convox/install.go:505.3,505.32 1 0
github.com/convox/rack/cmd/convox/install.go:487.29,488.12 1 0
github.com/convox/rack/cmd/convox/install.go:494.62,497.4 2 0
github.com/convox/rack/cmd/convox/install.go:501.17,502.12 1 0
github.com/convox/rack/cmd/convox/install.go:506.3,506.29 0 0
github.com/convox/rack/cmd/convox/install.go:507.3,508.19 1 0
github.com/convox/rack/cmd/convox/install.go:517.3,517.24 0 0
github.com/convox/rack/cmd/convox/install.go:518.3,518.29 0 0
github.com/convox/rack/cmd/convox/install.go:519.3,522.37 2 0
github.com/convox/rack/cmd/convox/install.go:526.4,526.44 1 0
github.com/convox/rack/cmd/convox/install.go:527.3,530.37 2 0
github.com/convox/rack/cmd/convox/install.go:534.4,534.44 1 0
github.com/convox/rack/cmd/convox/install.go:535.3,538.37 2 0
github.com/convox/rack/cmd/convox/install.go:542.4,542.53 1 0
github.com/convox/rack/cmd/convox/install.go:543.3,543.52 0 0
github.com/convox/rack/cmd/convox/install.go:544.3,544.189 0 0
github.com/convox/rack/cmd/convox/install.go:545.3,546.70 1 0
github.com/convox/rack/cmd/convox/install.go:508.19,511.38 2 0
github.com/convox/rack/cmd/convox/install.go:515.5,515.45 1 0
github.com/convox/rack/cmd/convox/install.go:511.38,513.6 1 0
github.com/convox/rack/cmd/convox/install.go:522.37,524.5 1 0
github.com/convox/rack/cmd/convox/install.go:530.37,532.5 1 0
github.com/convox/rack/cmd/convox/install.go:538.37,540.5 1 0
github.com/convox/rack/cmd/convox/install.go:554.36,555.11 1 32
github.com/convox/rack/cmd/convox/install.go:628.2,628.38 1 0
github.com/convox/rack/cmd/convox/install.go:556.2,557.28 1 1
github.com/convox/rack/cmd/convox/install.go:558.2,559.12 1 1
github.com/convox/rack/cmd/convox/install.go:560.2,561.12 1 1
github.com/convox/rack/cmd/convox/install.go:562.2,563.32 1 0
github.com/convox/rack/cmd/convox/install.go:564.2,565.26 1 1
github.com/convox/rack/cmd/convox/install.go:566.2,567.26 1 1
github.com/convox/rack/cmd/convox/install.go:568.2,569.32 1 1
github.com/convox/rack/cmd/convox/install.go:570.2,571.12 1 1
github.com/convox/rack/cmd/convox/install.go:572.2,573.25 1 1
github.com/convox/rack/cmd/convox/install.go:574.2,575.26 1 1
github.com/convox/rack/cmd/convox/install.go:576.2,577.22 1 1
github.com/convox/rack/cmd/convox/install.go:578.2,579.12 1 1
github.com/convox/rack/cmd/convox/install.go:580.2,581.15 1 1
github.com/convox/rack/cmd/convox/install.go:582.2,583.12 1 1
github.com/convox/rack/cmd/convox/install.go:584.2,585.23 1 1
github.com/convox/rack/cmd/convox/install.go:586.2,587.23 1 1
github.com/convox/rack/cmd/convox/install.go:588.2,589.26 1 1
github.com/convox/rack/cmd/convox/install.go:590.2,591.12 1 1
github.com/convox/rack/cmd/convox/install.go:592.2,593.33 1 1
github.com/convox/rack/cmd/convox/install.go:594.2,595.22 1 1
github.com/convox/rack/cmd/convox/install.go:596.2,597.12 1 1
github.com/convox/rack/cmd/convox/install.go:598.2,599.12 1 1
github.com/convox/rack/cmd/convox/install.go:600.2,601.20 1 1
github.com/convox/rack/cmd/convox/install.go:602.2,603.26 1 0
github.com/convox/rack/cmd/convox/install.go:604.2,605.27 1 1
github.com/convox/rack/cmd/convox/install.go:606.2,607.12 1 1
github.com/convox/rack/cmd/convox/install.go:608.2,609.32 1 1
github.com/convox/rack/cmd/convox/install.go:610.2,611.12 1 1
github.com/convox/rack/cmd/convox/install.go:612.2,613.23 1 1
github.com/convox/rack/cmd/convox/install.go:614.2,615.21 1 1
github.com/convox/rack/cmd/convox/install.go:616.2,617.12 1 1
github.com/convox/rack/cmd/convox/install.go:618.2,619.12 1 1
github.com/convox/rack/cmd/convox/install.go:620.2,621.23 1 0
github.com/convox/rack/cmd/convox/install.go:622.2,623.30 1 1
github.com/convox/rack/cmd/convox/install.go:624.2,625.19 1 1
github.com/convox/rack/cmd/convox/install.go:631.44,635.6 3 0
github.com/convox/rack/cmd/convox/install.go:654.2,654.36 1 0
github.com/convox/rack/cmd/convox/install.go:635.6,636.10 1 0
github.com/convox/rack/cmd/convox/install.go:637.3,646.18 4 0
github.com/convox/rack/cmd/convox/install.go:649.3,650.32 1 0
github.com/convox/rack/cmd/convox/install.go:646.18,648.5 1 0
github.com/convox/rack/cmd/convox/install.go:659.36,661.19 2 0
github.com/convox/rack/cmd/convox/install.go:664.2,664.18 1 0
github.com/convox/rack/cmd/convox/install.go:661.19,663.3 1 0
github.com/convox/rack/cmd/convox/install.go:667.74,676.20 3 0
github.com/convox/rack/cmd/convox/install.go:682.2,682.23 1 0
github.com/convox/rack/cmd/convox/install.go:686.2,686.16 1 0
github.com/convox/rack/cmd/convox/install.go:690.2,690.46 1 0
github.com/convox/rack/cmd/convox/install.go:724.2,728.8 4 0
github.com/convox/rack/cmd/convox/install.go:676.20,678.3 1 0
github.com/convox/rack/cmd/convox/install.go:678.3,678.53 1 0
github.com/convox/rack/cmd/convox/install.go:678.53,680.3 1 0
github.com/convox/rack/cmd/convox/install.go:682.23,684.3 1 0
github.com/convox/rack/cmd/convox/install.go:686.16,688.3 1 0
github.com/convox/rack/cmd/convox/install.go:690.46,693.17 2 0
github.com/convox/rack/cmd/convox/install.go:697.3,697.19 1 0
github.com/convox/rack/cmd/convox/install.go:701.3,705.25 3 0
github.com/convox/rack/cmd/convox/install.go:713.3,713.25 1 0
github.com/convox/rack/cmd/convox/install.go:721.3,721.18 1 0
github.com/convox/rack/cmd/convox/install.go:693.17,695.4 1 0
github.com/convox/rack/cmd/convox/install.go:697.19,699.4 1 0
github.com/convox/rack/cmd/convox/install.go:705.25,708.18 3 0
github.com/convox/rack/cmd/convox/install.go:708.18,710.5 1 0
github.com/convox/rack/cmd/convox/install.go:713.25,716.18 3 0
github.com/convox/rack/cmd/convox/install.go:716.18,718.5 1 0
github.com/convox/rack/cmd/convox/install.go:731.96,734.16 2 0
github.com/convox/rack/cmd/convox/install.go:738.2,742.16 4 0
github.com/convox/rack/cmd/convox/install.go:746.2,746.47 1 0
github.com/convox/rack/cmd/convox/install.go:751.2,751.8 1 0
github.com/convox/rack/cmd/convox/install.go:734.16,736.3 1 0
github.com/convox/rack/cmd/convox/install.go:742.16,744.3 1 0
github.com/convox/rack/cmd/convox/install.go:746.47,749.3 2 0
github.com/convox/rack/cmd/convox/install.go:754.68,757.16 2 0
github.com/convox/rack/cmd/convox/install.go:761.2,761.21 1 0
github.com/convox/rack/cmd/convox/install.go:765.2,770.16 3 0
github.com/convox/rack/cmd/convox/install.go:774.2,774.32 1 0
github.com/convox/rack/cmd/convox/install.go:757.16,759.3 1 0
github.com/convox/rack/cmd/convox/install.go:761.21,763.3 1 0
github.com/convox/rack/cmd/convox/install.go:770.16,772.3 1 0
github.com/convox/rack/cmd/convox/install.go:777.51,780.78 2 0
github.com/convox/rack/cmd/convox/install.go:787.2,787.68 1 0
github.com/convox/rack/cmd/convox/install.go:794.2,796.16 2 0
github.com/convox/rack/cmd/convox/install.go:800.2,802.16 2 0
github.com/convox/rack/cmd/convox/install.go:806.2,811.19 2 0
github.com/convox/rack/cmd/convox/install.go:780.78,785.3 4 0
github.com/convox/rack/cmd/convox/install.go:787.68,792.3 4 0
github.com/convox/rack/cmd/convox/install.go:796.16,798.3 1 0
github.com/convox/rack/cmd/convox/install.go:802.16,804.3 1 0
github.com/convox/rack/cmd/convox/install.go:814.45,816.2 1 0
github.com/convox/rack/cmd/convox/proxy.go:14.13,22.2 1 1
github.com/convox/rack/cmd/convox/proxy.go:24.37,25.24 1 0
github.com/convox/rack/cmd/convox/proxy.go:30.2,30.31 1 0
github.com/convox/rack/cmd/convox/proxy.go:72.2,72.9 1 0
github.com/convox/rack/cmd/convox/proxy.go:25.24,28.3 2 0
github.com/convox/rack/cmd/convox/proxy.go:30.31,36.21 4 0
github.com/convox/rack/cmd/convox/proxy.go:68.3,68.61 1 0
github.com/convox/rack/cmd/convox/proxy.go:37.3,41.18 3 0
github.com/convox/rack/cmd/convox/proxy.go:45.4,46.16 2 0
github.com/convox/rack/cmd/convox/proxy.go:47.3,51.18 3 0
github.com/convox/rack/cmd/convox/proxy.go:55.4,59.18 3 0
github.com/convox/rack/cmd/convox/proxy.go:63.4,63.16 1 0
github.com/convox/rack/cmd/convox/proxy.go:64.3,65.64 1 0
github.com/convox/rack/cmd/convox/proxy.go:41.18,43.5 1 0
github.com/convox/rack/cmd/convox/proxy.go:51.18,53.5 1 0
github.com/convox/rack/cmd/convox/proxy.go:59.18,61.5 1 0
github.com/convox/rack/cmd/convox/proxy.go:75.103,79.16 3 0
github.com/convox/rack/cmd/convox/proxy.go:84.2,86.6 2 0
github.com/convox/rack/cmd/convox/proxy.go:79.16,82.3 2 0
github.com/convox/rack/cmd/convox/proxy.go:86.6,88.17 2 0
github.com/convox/rack/cmd/convox/proxy.go:93.3,97.13 3 0
github.com/convox/rack/cmd/convox/proxy.go:88.17,91.4 2 0
github.com/convox/rack/cmd/convox/proxy.go:97.13,99.18 2 0
github.com/convox/rack/cmd/convox/proxy.go:99.18,103.5 3 0
github.com/convox/rack/cmd/convox/ps.go:12.13,43.2 1 1
github.com/convox/rack/cmd/convox/ps.go:45.34,47.16 2 0
github.com/convox/rack/cmd/convox/ps.go:51.2,52.16 2 0
github.com/convox/rack/cmd/convox/ps.go:56.2,56.21 1 0
github.com/convox/rack/cmd/convox/ps.go:87.2,89.12 2 0
github.com/convox/rack/cmd/convox/ps.go:47.16,49.3 1 0
github.com/convox/rack/cmd/convox/ps.go:52.16,54.3 1 0
github.com/convox/rack/cmd/convox/ps.go:56.21,58.17 2 0
github.com/convox/rack/cmd/convox/ps.go:62.3,63.17 2 0
github.com/convox/rack/cmd/convox/ps.go:67.3,68.17 2 0
github.com/convox/rack/cmd/convox/ps.go:72.3,73.17 2 0
github.com/convox/rack/cmd/convox/ps.go:77.3,84.13 3 0
github.com/convox/rack/cmd/convox/ps.go:58.17,60.4 1 0
github.com/convox/rack/cmd/convox/ps.go:63.17,65.4 1 0
github.com/convox/rack/cmd/convox/ps.go:68.17,70.4 1 0
github.com/convox/rack/cmd/convox/ps.go:73.17,75.4 1 0
github.com/convox/rack/cmd/convox/ps.go:92.44,95.23 2 0
github.com/convox/rack/cmd/convox/ps.go:99.2,99.11 1 0
github.com/convox/rack/cmd/convox/ps.go:95.23,97.3 1 0
github.com/convox/rack/cmd/convox/ps.go:102.70,105.23 2 0
github.com/convox/rack/cmd/convox/ps.go:114.2,114.11 1 0
github.com/convox/rack/cmd/convox/ps.go:105.23,106.24 1 0
github.com/convox/rack/cmd/convox/ps.go:106.24,107.24 1 0
github.com/convox/rack/cmd/convox/ps.go:110.4,110.216 1 0
github.com/convox/rack/cmd/convox/ps.go:107.24,108.13 1 0
github.com/convox/rack/cmd/convox/ps.go:117.38,119.16 2 0
github.com/convox/rack/cmd/convox/ps.go:123.2,123.24 1 0
github.com/convox/rack/cmd/convox/ps.go:128.2,131.16 3 0
github.com/convox/rack/cmd/convox/ps.go:135.2,143.12 8 0
github.com/convox/rack/cmd/convox/ps.go:119.16,121.3 1 0
github.com/convox/rack/cmd/convox/ps.go:123.24,126.3 2 0
github.com/convox/rack/cmd/convox/ps.go:131.16,133.3 1 0
github.com/convox/rack/cmd/convox/ps.go:146.38,148.16 2 0
github.com/convox/rack/cmd/convox/ps.go:152.2,152.24 1 0
github.com/convox/rack/cmd/convox/ps.go:157.2,162.16 4 0
github.com/convox/rack/cmd/convox/ps.go:166.2,167.12 2 0
github.com/convox/rack/cmd/convox/ps.go:148.16,150.3 1 0
github.com/convox/rack/cmd/convox/ps.go:152.24,155.3 2 0
github.com/convox/rack/cmd/convox/ps.go:162.16,164.3 1 0
github.com/convox/rack/cmd/convox/ps.go:170.40,171.23 1 0
github.com/convox/rack/cmd/convox/ps.go:175.2,175.13 1 0
github.com/convox/rack/cmd/convox/ps.go:171.23,173.3 1 0
github.com/convox/rack/cmd/convox/run.go:14.13,33.2 1 1
github.com/convox/rack/cmd/convox/run.go:35.35,36.22 1 0
github.com/convox/rack/cmd/convox/run.go:40.2,41.16 2 0
github.com/convox/rack/cmd/convox/run.go:45.2,45.23 1 0
github.com/convox/rack/cmd/convox/run.go:50.2,52.16 3 0
github.com/convox/rack/cmd/convox/run.go:56.2,61.16 4 0
github.com/convox/rack/cmd/convox/run.go:65.2,65.35 1 0
github.com/convox/rack/cmd/convox/run.go:36.22,38.3 1 0
github.com/convox/rack/cmd/convox/run.go:41.16,43.3 1 0
github.com/convox/rack/cmd/convox/run.go:45.23,48.3 2 0
github.com/convox/rack/cmd/convox/run.go:52.16,54.3 1 0
github.com/convox/rack/cmd/convox/run.go:61.16,63.3 1 0
github.com/convox/rack/cmd/convox/run.go:68.43,70.16 2 0
github.com/convox/rack/cmd/convox/run.go:74.2,74.23 1 0
github.com/convox/rack/cmd/convox/run.go:79.2,81.16 3 0
github.com/convox/rack/cmd/convox/run.go:85.2,87.23 2 0
github.com/convox/rack/cmd/convox/run.go:92.2,97.16 4 0
github.com/convox/rack/cmd/convox/run.go:101.2,102.12 2 0
github.com/convox/rack/cmd/convox/run.go:70.16,72.3 1 0
github.com/convox/rack/cmd/convox/run.go:74.23,77.3 2 0
github.com/convox/rack/cmd/convox/run.go:81.16,83.3 1 0
github.com/convox/rack/cmd/convox/run.go:87.23,90.3 2 0
github.com/convox/rack/cmd/convox/run.go:97.16,99.3 1 0
github.com/convox/rack/cmd/convox/run.go:105.78,110.34 3 0
github.com/convox/rack/cmd/convox/run.go:124.2,125.16 2 0
github.com/convox/rack/cmd/convox/run.go:129.2,129.18 1 0
github.com/convox/rack/cmd/convox/run.go:110.34,112.17 2 0
github.com/convox/rack/cmd/convox/run.go:116.3,119.17 3 0
github.com/convox/rack/cmd/convox/run.go:112.17,114.4 1 0
github.com/convox/rack/cmd/convox/run.go:119.17,121.4 1 0
github.com/convox/rack/cmd/convox/run.go:125.16,127.3 1 0
github.com/convox/rack/cmd/convox/run.go:132.62,134.16 2 0
github.com/convox/rack/cmd/convox/run.go:138.2,138.30 1 0
github.com/convox/rack/cmd/convox/run.go:144.2,144.51 1 0
github.com/convox/rack/cmd/convox/run.go:134.16,136.3 1 0
github.com/convox/rack/cmd/convox/run.go:138.30,139.19 1 0
github.com/convox/rack/cmd/convox/run.go:139.19,141.4 1 0
github.com/convox/rack/cmd/convox/builds.go:56.13,133.2 2 1
github.com/convox/rack/cmd/convox/builds.go:135.38,137.16 2 0
github.com/convox/rack/cmd/convox/builds.go:141.2,141.23 1 0
github.com/convox/rack/cmd/convox/builds.go:145.2,145.20 1 0
github.com/convox/rack/cmd/convox/builds.go:150.2,151.16 2 0
github.com/convox/rack/cmd/convox/builds.go:155.2,157.31 2 0
github.com/convox/rack/cmd/convox/builds.go:168.2,169.12 2 0
github.com/convox/rack/cmd/convox/builds.go:137.16,139.3 1 0
github.com/convox/rack/cmd/convox/builds.go:141.23,143.3 1 0
github.com/convox/rack/cmd/convox/builds.go:145.20,148.3 2 0
github.com/convox/rack/cmd/convox/builds.go:151.16,153.3 1 0
github.com/convox/rack/cmd/convox/builds.go:157.31,161.27 3 0
github.com/convox/rack/cmd/convox/builds.go:165.3,165.87 1 0
github.com/convox/rack/cmd/convox/builds.go:161.27,163.4 1 0
github.com/convox/rack/cmd/convox/builds.go:172.44,175.23 2 0
github.com/convox/rack/cmd/convox/builds.go:179.2,180.16 2 0
github.com/convox/rack/cmd/convox/builds.go:184.2,185.16 2 0
github.com/convox/rack/cmd/convox/builds.go:189.2,189.18 1 0
github.com/convox/rack/cmd/convox/builds.go:197.2,197.23 1 0
github.com/convox/rack/cmd/convox/builds.go:201.2,203.18 2 0
github.com/convox/rack/cmd/convox/builds.go:207.2,208.16 2 0
github.com/convox/rack/cmd/convox/builds.go:212.2,214.18 2 0
github.com/convox/rack/cmd/convox/builds.go:218.2,218.12 1 0
github.com/convox/rack/cmd/convox/builds.go:175.23,177.3 1 0
github.com/convox/rack/cmd/convox/builds.go:180.16,182.3 1 0
github.com/convox/rack/cmd/convox/builds.go:185.16,187.3 1 0
github.com/convox/rack/cmd/convox/builds.go:190.2,191.68 1 0
github.com/convox/rack/cmd/convox/builds.go:192.2,192.29 0 0
github.com/convox/rack/cmd/convox/builds.go:193.2,194.66 1 0
github.com/convox/rack/cmd/convox/builds.go:197.23,199.3 1 0
github.com/convox/rack/cmd/convox/builds.go:203.18,205.3 1 0
github.com/convox/rack/cmd/convox/builds.go:208.16,210.3 1 0
github.com/convox/rack/cmd/convox/builds.go:214.18,216.3 1 0
github.com/convox/rack/cmd/convox/builds.go:221.44,223.16 2 0
github.com/convox/rack/cmd/convox/builds.go:227.2,227.24 1 0
github.com/convox/rack/cmd/convox/builds.go:232.2,235.65 3 0
github.com/convox/rack/cmd/convox/builds.go:239.2,240.12 2 0
github.com/convox/rack/cmd/convox/builds.go:223.16,225.3 1 0
github.com/convox/rack/cmd/convox/builds.go:227.24,230.3 2 0
github.com/convox/rack/cmd/convox/builds.go:235.65,237.3 1 0
github.com/convox/rack/cmd/convox/builds.go:243.42,245.16 2 0
github.com/convox/rack/cmd/convox/builds.go:249.2,249.24 1 0
github.com/convox/rack/cmd/convox/builds.go:254.2,257.16 3 0
github.com/convox/rack/cmd/convox/builds.go:261.2,268.12 7 0
github.com/convox/rack/cmd/convox/builds.go:245.16,247.3 1 0
github.com/convox/rack/cmd/convox/builds.go:249.24,252.3 2 0
github.com/convox/rack/cmd/convox/builds.go:257.16,259.3 1 0
github.com/convox/rack/cmd/convox/builds.go:271.44,273.16 2 0
github.com/convox/rack/cmd/convox/builds.go:277.2,277.60 1 0
github.com/convox/rack/cmd/convox/builds.go:281.2,281.24 1 0
github.com/convox/rack/cmd/convox/builds.go:286.2,292.42 4 0
github.com/convox/rack/cmd/convox/builds.go:301.2,301.67 1 0
github.com/convox/rack/cmd/convox/builds.go:305.2,307.12 2 0
github.com/convox/rack/cmd/convox/builds.go:273.16,275.3 1 0
github.com/convox/rack/cmd/convox/builds.go:277.60,279.3 1 0
github.com/convox/rack/cmd/convox/builds.go:281.24,284.3 2 0
github.com/convox/rack/cmd/convox/builds.go:292.42,294.17 2 0
github.com/convox/rack/cmd/convox/builds.go:297.3,298.11 2 0
github.com/convox/rack/cmd/convox/builds.go:294.17,296.4 1 0
github.com/convox/rack/cmd/convox/builds.go:301.67,303.3 1 0
github.com/convox/rack/cmd/convox/builds.go:310.44,312.16 2 0
github.com/convox/rack/cmd/convox/builds.go:316.2,316.59 1 0
github.com/convox/rack/cmd/convox/builds.go:320.2,321.42 2 0
github.com/convox/rack/cmd/convox/builds.go:330.2,332.18 2 0
github.com/convox/rack/cmd/convox/builds.go:336.2,337.16 2 0
github.com/convox/rack/cmd/convox/builds.go:341.2,343.18 2 0
github.com/convox/rack/cmd/convox/builds.go:347.2,347.12 1 0
github.com/convox/rack/cmd/convox/builds.go:312.16,314.3 1 0
github.com/convox/rack/cmd/convox/builds.go:316.59,318.3 1 0
github.com/convox/rack/cmd/convox/builds.go:321.42,323.17 2 0
github.com/convox/rack/cmd/convox/builds.go:326.3,327.10 2 0
github.com/convox/rack/cmd/convox/builds.go:323.17,325.4 1 0
github.com/convox/rack/cmd/convox/builds.go:332.18,334.3 1 0
github.com/convox/rack/cmd/convox/builds.go:337.16,339.3 1 0
github.com/convox/rack/cmd/convox/builds.go:343.18,345.3 1 0
github.com/convox/rack/cmd/convox/builds.go:350.42,352.16 2 0
github.com/convox/rack/cmd/convox/builds.go:356.2,356.24 1 0
github.com/convox/rack/cmd/convox/builds.go:361.2,363.77 2 0
github.com/convox/rack/cmd/convox/builds.go:367.2,367.12 1 0
github.com/convox/rack/cmd/convox/builds.go:352.16,354.3 1 0
github.com/convox/rack/cmd/convox/builds.go:356.24,359.3 2 0
github.com/convox/rack/cmd/convox/builds.go:363.77,365.3 1 0
github.com/convox/rack/cmd/convox/builds.go:370.125,373.18 2 0
github.com/convox/rack/cmd/convox/builds.go:384.2,384.42 1 0
github.com/convox/rack/cmd/convox/builds.go:374.2,375.72 1 0
github.com/convox/rack/cmd/convox/builds.go:376.2,377.28 1 0
github.com/convox/rack/cmd/convox/builds.go:377.28,379.4 1 0
github.com/convox/rack/cmd/convox/builds.go:379.4,381.4 1 0
github.com/convox/rack/cmd/convox/builds.go:387.52,391.16 3 0
github.com/convox/rack/cmd/convox/builds.go:395.2,396.16 2 0
github.com/convox/rack/cmd/convox/builds.go:400.2,401.16 2 0
github.com/convox/rack/cmd/convox/builds.go:405.2,406.16 2 0
github.com/convox/rack/cmd/convox/builds.go:410.2,410.19 1 0
github.com/convox/rack/cmd/convox/builds.go:391.16,393.3 1 0
github.com/convox/rack/cmd/convox/builds.go:396.16,398.3 1 0
github.com/convox/rack/cmd/convox/builds.go:401.16,403.3 1 0
github.com/convox/rack/cmd/convox/builds.go:406.16,408.3 1 0
github.com/convox/rack/cmd/convox/builds.go:413.86,414.62 1 0
github.com/convox/rack/cmd/convox/builds.go:414.62,417.17 2 0
github.com/convox/rack/cmd/convox/builds.go:421.3,421.19 1 0
github.com/convox/rack/cmd/convox/builds.go:425.3,426.17 2 0
github.com/convox/rack/cmd/convox/builds.go:430.3,430.12 1 0
github.com/convox/rack/cmd/convox/builds.go:434.3,435.17 2 0
github.com/convox/rack/cmd/convox/builds.go:439.3,449.13 4 0
github.com/convox/rack/cmd/convox/builds.go:417.17,419.4 1 0
github.com/convox/rack/cmd/convox/builds.go:421.19,423.4 1 0
github.com/convox/rack/cmd/convox/builds.go:426.17,428.4 1 0
github.com/convox/rack/cmd/convox/builds.go:430.12,432.4 1 0
github.com/convox/rack/cmd/convox/builds.go:435.17,437.4 1 0
github.com/convox/rack/cmd/convox/builds.go:453.53,456.24 2 0
github.com/convox/rack/cmd/convox/builds.go:459.2,459.16 1 0
github.com/convox/rack/cmd/convox/builds.go:463.2,464.16 2 0
github.com/convox/rack/cmd/convox/builds.go:468.2,468.20 1 0
github.com/convox/rack/cmd/convox/builds.go:456.24,458.3 1 0
github.com/convox/rack/cmd/convox/builds.go:459.16,461.3 1 0
github.com/convox/rack/cmd/convox/builds.go:464.16,466.3 1 0
github.com/convox/rack/cmd/convox/builds.go:471.83,473.16 2 0
github.com/convox/rack/cmd/convox/builds.go:477.2,479.23 2 0
github.com/convox/rack/cmd/convox/builds.go:484.2,492.28 5 0
github.com/convox/rack/cmd/convox/builds.go:514.2,514.35 1 0
github.com/convox/rack/cmd/convox/builds.go:518.2,518.35 1 0
github.com/convox/rack/cmd/convox/builds.go:522.2,522.148 1 0
github.com/convox/rack/cmd/convox/builds.go:526.2,528.12 2 0
github.com/convox/rack/cmd/convox/builds.go:473.16,475.3 1 0
github.com/convox/rack/cmd/convox/builds.go:479.23,482.3 2 0
github.com/convox/rack/cmd/convox/builds.go:492.28,494.17 2 0
github.com/convox/rack/cmd/convox/builds.go:498.3,505.48 2 0
github.com/convox/rack/cmd/convox/builds.go:509.3,509.43 1 0
github.com/convox/rack/cmd/convox/builds.go:494.17,496.4 1 0
github.com/convox/rack/cmd/convox/builds.go:505.48,507.4 1 0
github.com/convox/rack/cmd/convox/builds.go:509.43,511.4 1 0
github.com/convox/rack/cmd/convox/builds.go:514.35,516.3 1 0
github.com/convox/rack/cmd/convox/builds.go:518.35,520.3 1 0
github.com/convox/rack/cmd/convox/builds.go:522.148,524.3 1 0
github.com/convox/rack/cmd/convox/builds.go:531.136,533.16 2 0
github.com/convox/rack/cmd/convox/builds.go:538.2,538.39 1 0
github.com/convox/rack/cmd/convox/builds.go:542.2,545.16 3 0
github.com/convox/rack/cmd/convox/builds.go:549.2,552.16 3 0
github.com/convox/rack/cmd/convox/builds.go:556.2,559.16 3 0
github.com/convox/rack/cmd/convox/builds.go:563.2,566.16 3 0
github.com/convox/rack/cmd/convox/builds.go:570.2,570.43 1 0
github.com/convox/rack/cmd/convox/builds.go:533.16,535.3 1 0
github.com/convox/rack/cmd/convox/builds.go:538.39,540.3 1 0
github.com/convox/rack/cmd/convox/builds.go:545.16,547.3 1 0
github.com/convox/rack/cmd/convox/builds.go:552.16,554.3 1 0
github.com/convox/rack/cmd/convox/builds.go:559.16,561.3 1 0
github.com/convox/rack/cmd/convox/builds.go:566.16,568.3 1 0
github.com/convox/rack/cmd/convox/builds.go:573.125,575.16 2 0
github.com/convox/rack/cmd/convox/builds.go:579.2,580.16 2 0
github.com/convox/rack/cmd/convox/builds.go:584.2,587.16 3 0
github.com/convox/rack/cmd/convox/builds.go:591.2,601.16 4 0
github.com/convox/rack/cmd/convox/builds.go:605.2,605.43 1 0
github.com/convox/rack/cmd/convox/builds.go:575.16,577.3 1 0
github.com/convox/rack/cmd/convox/builds.go:580.16,582.3 1 0
github.com/convox/rack/cmd/convox/builds.go:587.16,589.3 1 0
github.com/convox/rack/cmd/convox/builds.go:601.16,603.3 1 0
github.com/convox/rack/cmd/convox/builds.go:608.125,614.16 4 0
github.com/convox/rack/cmd/convox/builds.go:618.2,618.43 1 0
github.com/convox/rack/cmd/convox/builds.go:614.16,616.3 1 0
github.com/convox/rack/cmd/convox/builds.go:621.49,623.16 2 0
github.com/convox/rack/cmd/convox/builds.go:627.2,628.16 2 0
github.com/convox/rack/cmd/convox/builds.go:632.2,633.16 2 0
github.com/convox/rack/cmd/convox/builds.go:637.2,642.16 5 0
github.com/convox/rack/cmd/convox/builds.go:661.2,663.28 3 0
github.com/convox/rack/cmd/convox/builds.go:671.2,678.16 3 0
github.com/convox/rack/cmd/convox/builds.go:682.2,683.16 2 0
github.com/convox/rack/cmd/convox/builds.go:687.2,688.16 2 0
github.com/convox/rack/cmd/convox/builds.go:692.2,692.19 1 0
github.com/convox/rack/cmd/convox/builds.go:623.16,625.3 1 0
github.com/convox/rack/cmd/convox/builds.go:628.16,630.3 1 0
github.com/convox/rack/cmd/convox/builds.go:633.16,635.3 1 0
github.com/convox/rack/cmd/convox/builds.go:642.16,643.26 1 0
github.com/convox/rack/cmd/convox/builds.go:647.3,647.31 1 0
github.com/convox/rack/cmd/convox/builds.go:643.26,645.4 1 0
github.com/convox/rack/cmd/convox/builds.go:648.3,650.17 2 0
github.com/convox/rack/cmd/convox/builds.go:650.17,652.4 1 0
github.com/convox/rack/cmd/convox/builds.go:663.28,665.3 1 0
github.com/convox/rack/cmd/convox/builds.go:678.16,680.3 1 0
github.com/convox/rack/cmd/convox/builds.go:683.16,685.3 1 0
github.com/convox/rack/cmd/convox/builds.go:688.16,690.3 1 0
github.com/convox/rack/cmd/convox/builds.go:695.114,696.20 1 0
github.com/convox/rack/cmd/convox/builds.go:700.2,703.16 3 0
github.com/convox/rack/cmd/convox/builds.go:707.2,708.16 2 0
github.com/convox/rack/cmd/convox/builds.go:712.2,712.31 1 0
github.com/convox/rack/cmd/convox/builds.go:696.20,698.3 1 0
github.com/convox/rack/cmd/convox/builds.go:703.16,705.3 1 0
github.com/convox/rack/cmd/convox/builds.go:708.16,710.3 1 0
github.com/convox/rack/cmd/convox/builds.go:715.67,716.6 1 0
github.com/convox/rack/cmd/convox/builds.go:736.2,736.41 1 0
github.com/convox/rack/cmd/convox/builds.go:716.6,718.17 2 0
github.com/convox/rack/cmd/convox/builds.go:722.3,722.23 1 0
github.com/convox/rack/cmd/convox/builds.go:733.3,733.30 1 0
github.com/convox/rack/cmd/convox/builds.go:718.17,720.4 1 0
github.com/convox/rack/cmd/convox/builds.go:723.3,724.29 1 0
github.com/convox/rack/cmd/convox/builds.go:725.3,726.49 1 0
github.com/convox/rack/cmd/convox/builds.go:727.3,728.49 1 0
github.com/convox/rack/cmd/convox/builds.go:729.3,730.52 1 0
github.com/convox/rack/cmd/convox/builds.go:739.41,744.43 4 0
github.com/convox/rack/cmd/convox/builds.go:748.2,748.52 1 0
github.com/convox/rack/cmd/convox/builds.go:752.2,752.35 1 0
github.com/convox/rack/cmd/convox/builds.go:772.2,772.10 1 0
github.com/convox/rack/cmd/convox/builds.go:775.2,775.12 1 0
github.com/convox/rack/cmd/convox/builds.go:744.43,746.3 1 0
github.com/convox/rack/cmd/convox/builds.go:748.52,750.3 1 0
github.com/convox/rack/cmd/convox/builds.go:752.35,754.3 1 0
github.com/convox/rack/cmd/convox/builds.go:754.3,754.41 1 0
github.com/convox/rack/cmd/convox/builds.go:754.41,756.17 2 0
github.com/convox/rack/cmd/convox/builds.go:760.3,760.22 1 0
github.com/convox/rack/cmd/convox/builds.go:756.17,758.4 1 0
github.com/convox/rack/cmd/convox/builds.go:760.22,762.4 1 0
github.com/convox/rack/cmd/convox/builds.go:762.4,764.31 2 0
github.com/convox/rack/cmd/convox/builds.go:764.31,765.23 1 0
github.com/convox/rack/cmd/convox/builds.go:765.23,767.11 2 0
github.com/convox/rack/cmd/convox/builds.go:772.10,774.3 1 0
github.com/convox/rack/cmd/convox/certs.go:11.13,47.2 1 1
github.com/convox/rack/cmd/convox/certs.go:49.41,50.23 1 0
github.com/convox/rack/cmd/convox/certs.go:54.2,54.20 1 0
github.com/convox/rack/cmd/convox/certs.go:59.2,60.16 2 0
github.com/convox/rack/cmd/convox/certs.go:64.2,66.29 2 0
github.com/convox/rack/cmd/convox/certs.go:70.2,71.12 2 0
github.com/convox/rack/cmd/convox/certs.go:50.23,52.3 1 0
github.com/convox/rack/cmd/convox/certs.go:54.20,57.3 2 0
github.com/convox/rack/cmd/convox/certs.go:60.16,62.3 1 0
github.com/convox/rack/cmd/convox/certs.go:66.29,68.3 1 0
github.com/convox/rack/cmd/convox/certs.go:74.43,75.23 1 0
github.com/convox/rack/cmd/convox/certs.go:80.2,81.16 2 0
github.com/convox/rack/cmd/convox/certs.go:85.2,86.16 2 0
github.com/convox/rack/cmd/convox/certs.go:90.2,92.53 2 0
github.com/convox/rack/cmd/convox/certs.go:101.2,104.16 3 0
github.com/convox/rack/cmd/convox/certs.go:108.2,109.12 2 0
github.com/convox/rack/cmd/convox/certs.go:75.23,78.3 2 0
github.com/convox/rack/cmd/convox/certs.go:81.16,83.3 1 0
github.com/convox/rack/cmd/convox/certs.go:86.16,88.3 1 0
github.com/convox/rack/cmd/convox/certs.go:92.53,94.17 2 0
github.com/convox/rack/cmd/convox/certs.go:98.3,98.23 1 0
github.com/convox/rack/cmd/convox/certs.go:94.17,96.4 1 0
github.com/convox/rack/cmd/convox/certs.go:104.16,106.3 1 0
github.com/convox/rack/cmd/convox/certs.go:112.43,113.23 1 0
github.com/convox/rack/cmd/convox/certs.go:118.2,121.16 3 0
github.com/convox/rack/cmd/convox/certs.go:125.2,126.12 2 0
github.com/convox/rack/cmd/convox/certs.go:113.23,116.3 2 0
github.com/convox/rack/cmd/convox/certs.go:121.16,123.3 1 0
github.com/convox/rack/cmd/convox/certs.go:129.45,130.23 1 0
github.com/convox/rack/cmd/convox/certs.go:135.2,138.16 3 0
github.com/convox/rack/cmd/convox/certs.go:142.2,143.12 2 0
github.com/convox/rack/cmd/convox/certs.go:130.23,133.3 2 0
github.com/convox/rack/cmd/convox/certs.go:138.16,140.3 1 0
github.com/convox/rack/cmd/convox/logs.go:12.13,36.2 1 1
github.com/convox/rack/cmd/convox/logs.go:38.42,40.16 2 0
github.com/convox/rack/cmd/convox/logs.go:44.2,44.23 1 0
github.com/convox/rack/cmd/convox/logs.go:48.2,49.16 2 0
github.com/convox/rack/cmd/convox/logs.go:52.2,52.12 1 0
github.com/convox/rack/cmd/convox/logs.go:40.16,42.3 1 0
github.com/convox/rack/cmd/convox/logs.go:44.23,46.3 1 0
github.com/convox/rack/cmd/convox/logs.go:49.16,51.3 1 0
github.com/convox/rack/cmd/convox/progress.go:19.45,29.2 8 0
github.com/convox/rack/cmd/convox/progress.go:31.50,34.25 2 0
github.com/convox/rack/cmd/convox/progress.go:34.25,36.3 1 0
github.com/convox/rack/cmd/convox/progress.go:39.35,40.17 1 0
github.com/convox/rack/cmd/convox/progress.go:44.2,46.20 2 0
github.com/convox/rack/cmd/convox/progress.go:50.2,50.20 1 0
github.com/convox/rack/cmd/convox/progress.go:40.17,42.3 1 0
github.com/convox/rack/cmd/convox/progress.go:46.20,48.3 1 0
github.com/convox/rack/cmd/convox/progress.go:53.67,59.2 1 0
github.com/convox/rack/cmd/convox/update.go:15.13,23.2 1 1
github.com/convox/rack/cmd/convox/update.go:33.38,35.16 2 0
github.com/convox/rack/cmd/convox/update.go:39.2,42.38 3 0
github.com/convox/rack/cmd/convox/update.go:48.2,58.56 5 0
github.com/convox/rack/cmd/convox/update.go:63.2,64.9 2 0
github.com/convox/rack/cmd/convox/update.go:73.2,74.16 2 0
github.com/convox/rack/cmd/convox/update.go:78.2,81.12 3 0
github.com/convox/rack/cmd/convox/update.go:35.16,37.3 1 0
github.com/convox/rack/cmd/convox/update.go:42.38,44.3 1 0
github.com/convox/rack/cmd/convox/update.go:44.3,46.3 1 0
github.com/convox/rack/cmd/convox/update.go:58.56,60.3 1 0
github.com/convox/rack/cmd/convox/update.go:65.2,67.13 2 0
github.com/convox/rack/cmd/convox/update.go:68.2,69.27 1 0
github.com/convox/rack/cmd/convox/update.go:74.16,76.3 1 0
github.com/convox/rack/cmd/convox/update.go:84.43,86.16 2 0
github.com/convox/rack/cmd/convox/update.go:90.2,99.20 4 0
github.com/convox/rack/cmd/convox/update.go:86.16,88.3 1 0
github.com/convox/rack/cmd/convox/update.go:102.26,105.2 2 0
github.com/convox/rack/cmd/convox/racks.go:10.13,17.2 1 1
github.com/convox/rack/cmd/convox/racks.go:19.37,20.23 1 0
github.com/convox/rack/cmd/convox/racks.go:24.2,25.16 2 0
github.com/convox/rack/cmd/convox/racks.go:29.2,30.29 2 0
github.com/convox/rack/cmd/convox/racks.go:37.2,38.12 2 0
github.com/convox/rack/cmd/convox/racks.go:20.23,22.3 1 0
github.com/convox/rack/cmd/convox/racks.go:25.16,27.3 1 0
[...]
github.com/convox/rack/cmd/convox/scale.go:70.62,73.4 2 0
github.com/convox/rack/cmd/convox/scale.go:83.16,85.3 1 0
github.com/convox/rack/cmd/convox/scale.go:88.16,90.3 1 0
github.com/convox/rack/cmd/convox/scale.go:92.20,96.17 3 0
github.com/convox/rack/cmd/convox/scale.go:100.3,100.68 1 0
github.com/convox/rack/cmd/convox/scale.go:104.3,104.20 1 0
github.com/convox/rack/cmd/convox/scale.go:96.17,98.4 1 0
github.com/convox/rack/cmd/convox/scale.go:100.68,102.4 1 0
github.com/convox/rack/cmd/convox/scale.go:110.57,112.16 2 0
github.com/convox/rack/cmd/convox/scale.go:116.2,117.16 2 0
github.com/convox/rack/cmd/convox/scale.go:121.2,123.25 2 0
github.com/convox/rack/cmd/convox/scale.go:129.2,131.30 2 0
github.com/convox/rack/cmd/convox/scale.go:135.2,136.12 2 0
github.com/convox/rack/cmd/convox/scale.go:112.16,114.3 1 0
github.com/convox/rack/cmd/convox/scale.go:117.16,119.3 1 0
github.com/convox/rack/cmd/convox/scale.go:123.25,124.25 1 0
github.com/convox/rack/cmd/convox/scale.go:124.25,126.4 1 0
github.com/convox/rack/cmd/convox/scale.go:131.30,133.3 1 0
github.com/convox/rack/cmd/convox/ssl.go:11.13,37.2 1 1
github.com/convox/rack/cmd/convox/ssl.go:39.39,41.16 2 0
github.com/convox/rack/cmd/convox/ssl.go:45.2,45.23 1 0
github.com/convox/rack/cmd/convox/ssl.go:49.2,49.20 1 0
github.com/convox/rack/cmd/convox/ssl.go:54.2,55.16 2 0
github.com/convox/rack/cmd/convox/ssl.go:59.2,61.28 2 0
github.com/convox/rack/cmd/convox/ssl.go:65.2,66.12 2 0
github.com/convox/rack/cmd/convox/ssl.go:41.16,43.3 1 0
github.com/convox/rack/cmd/convox/ssl.go:45.23,47.3 1 0
github.com/convox/rack/cmd/convox/ssl.go:49.20,52.3 2 0
github.com/convox/rack/cmd/convox/ssl.go:55.16,57.3 1 0
github.com/convox/rack/cmd/convox/ssl.go:61.28,63.3 1 0
github.com/convox/rack/cmd/convox/ssl.go:69.41,71.16 2 0
github.com/convox/rack/cmd/convox/ssl.go:75.2,75.23 1 0
github.com/convox/rack/cmd/convox/ssl.go:80.2,84.21 3 0
github.com/convox/rack/cmd/convox/ssl.go:88.2,91.16 3 0
github.com/convox/rack/cmd/convox/ssl.go:95.2,96.12 2 0
github.com/convox/rack/cmd/convox/ssl.go:71.16,73.3 1 0
github.com/convox/rack/cmd/convox/ssl.go:75.23,78.3 2 0
github.com/convox/rack/cmd/convox/ssl.go:84.21,86.3 1 0
github.com/convox/rack/cmd/convox/ssl.go:91.16,93.3 1 0
github.com/convox/rack/cmd/convox/switch.go:15.13,22.2 1 1
github.com/convox/rack/cmd/convox/switch.go:24.38,25.23 1 0
github.com/convox/rack/cmd/convox/switch.go:38.2,39.16 2 0
github.com/convox/rack/cmd/convox/switch.go:43.2,47.21 4 0
github.com/convox/rack/cmd/convox/switch.go:52.2,55.26 3 0
github.com/convox/rack/cmd/convox/switch.go:71.2,71.23 1 0
github.com/convox/rack/cmd/convox/switch.go:75.2,75.22 1 0
github.com/convox/rack/cmd/convox/switch.go:79.2,80.96 2 0
github.com/convox/rack/cmd/convox/switch.go:84.2,86.12 2 0
github.com/convox/rack/cmd/convox/switch.go:25.23,28.17 2 0
github.com/convox/rack/cmd/convox/switch.go:35.3,35.13 1 0
github.com/convox/rack/cmd/convox/switch.go:28.17,31.4 2 0
github.com/convox/rack/cmd/convox/switch.go:31.4,33.4 1 0
github.com/convox/rack/cmd/convox/switch.go:39.16,41.3 1 0
github.com/convox/rack/cmd/convox/switch.go:47.21,50.3 2 0
github.com/convox/rack/cmd/convox/switch.go:55.26,60.20 3 0
github.com/convox/rack/cmd/convox/switch.go:60.20,61.26 1 0
github.com/convox/rack/cmd/convox/switch.go:61.26,63.5 1 0
github.com/convox/rack/cmd/convox/switch.go:64.4,65.53 1 0
github.com/convox/rack/cmd/convox/switch.go:65.53,67.5 1 0
github.com/convox/rack/cmd/convox/switch.go:71.23,73.3 1 0
github.com/convox/rack/cmd/convox/switch.go:75.22,77.3 1 0
github.com/convox/rack/cmd/convox/switch.go:80.96,82.3 1 0
github.com/convox/rack/cmd/convox/apps.go:13.13,65.2 1 1
github.com/convox/rack/cmd/convox/apps.go:67.36,68.23 1 0
github.com/convox/rack/cmd/convox/apps.go:72.2,72.20 1 0
github.com/convox/rack/cmd/convox/apps.go:77.2,78.16 2 0
github.com/convox/rack/cmd/convox/apps.go:82.2,84.27 2 0
github.com/convox/rack/cmd/convox/apps.go:88.2,89.12 2 0
github.com/convox/rack/cmd/convox/apps.go:68.23,70.3 1 0
github.com/convox/rack/cmd/convox/apps.go:72.20,75.3 2 0
github.com/convox/rack/cmd/convox/apps.go:78.16,80.3 1 0
github.com/convox/rack/cmd/convox/apps.go:84.27,86.3 1 0
github.com/convox/rack/cmd/convox/apps.go:92.41,94.16 2 0
github.com/convox/rack/cmd/convox/apps.go:98.2,98.23 1 0
github.com/convox/rack/cmd/convox/apps.go:102.2,102.15 1 0
github.com/convox/rack/cmd/convox/apps.go:106.2,109.16 3 0
github.com/convox/rack/cmd/convox/apps.go:113.2,115.20 2 0
github.com/convox/rack/cmd/convox/apps.go:125.2,125.12 1 0
github.com/convox/rack/cmd/convox/apps.go:94.16,96.3 1 0
github.com/convox/rack/cmd/convox/apps.go:98.23,100.3 1 0
github.com/convox/rack/cmd/convox/apps.go:102.15,104.3 1 0
github.com/convox/rack/cmd/convox/apps.go:109.16,111.3 1 0
github.com/convox/rack/cmd/convox/apps.go:115.20,118.51 2 0
github.com/convox/rack/cmd/convox/apps.go:122.3,122.14 1 0
github.com/convox/rack/cmd/convox/apps.go:118.51,120.4 1 0
github.com/convox/rack/cmd/convox/apps.go:128.41,129.23 1 0
github.com/convox/rack/cmd/convox/apps.go:134.2,139.16 4 0
github.com/convox/rack/cmd/convox/apps.go:143.2,145.12 2 0
github.com/convox/rack/cmd/convox/apps.go:129.23,132.3 2 0
github.com/convox/rack/cmd/convox/apps.go:139.16,141.3 1 0
github.com/convox/rack/cmd/convox/apps.go:148.39,150.16 2 0
github.com/convox/rack/cmd/convox/apps.go:154.2,154.23 1 0
github.com/convox/rack/cmd/convox/apps.go:158.2,159.16 2 0
github.com/convox/rack/cmd/convox/apps.go:163.2,164.16 2 0
github.com/convox/rack/cmd/convox/apps.go:168.2,171.30 3 0
github.com/convox/rack/cmd/convox/apps.go:179.2,191.12 9 0
github.com/convox/rack/cmd/convox/apps.go:150.16,152.3 1 0
github.com/convox/rack/cmd/convox/apps.go:154.23,156.3 1 0
github.com/convox/rack/cmd/convox/apps.go:159.16,161.3 1 0
github.com/convox/rack/cmd/convox/apps.go:164.16,166.3 1 0
github.com/convox/rack/cmd/convox/apps.go:171.30,174.32 2 0
github.com/convox/rack/cmd/convox/apps.go:174.32,176.4 1 0
github.com/convox/rack/cmd/convox/apps.go:194.41,196.16 2 0
github.com/convox/rack/cmd/convox/apps.go:200.2,201.16 2 0
github.com/convox/rack/cmd/convox/apps.go:205.2,207.29 2 0
github.com/convox/rack/cmd/convox/apps.go:211.2,215.27 3 0
github.com/convox/rack/cmd/convox/apps.go:219.2,220.12 2 0
github.com/convox/rack/cmd/convox/apps.go:196.16,198.3 1 0
github.com/convox/rack/cmd/convox/apps.go:201.16,203.3 1 0
github.com/convox/rack/cmd/convox/apps.go:207.29,209.3 1 0
github.com/convox/rack/cmd/convox/apps.go:215.27,217.3 1 0
github.com/convox/rack/cmd/convox/apps.go:223.44,225.16 2 0
github.com/convox/rack/cmd/convox/apps.go:229.2,231.31 2 0
github.com/convox/rack/cmd/convox/apps.go:241.2,244.16 3 0
github.com/convox/rack/cmd/convox/apps.go:248.2,250.12 2 0
github.com/convox/rack/cmd/convox/apps.go:225.16,227.3 1 0
github.com/convox/rack/cmd/convox/apps.go:231.31,234.22 2 0
github.com/convox/rack/cmd/convox/apps.go:238.3,238.30 1 0
github.com/convox/rack/cmd/convox/apps.go:234.22,236.4 1 0
github.com/convox/rack/cmd/convox/apps.go:244.16,246.3 1 0
github.com/convox/rack/cmd/convox/apps.go:253.58,259.6 4 0
github.com/convox/rack/cmd/convox/apps.go:286.2,286.12 1 0
github.com/convox/rack/cmd/convox/apps.go:259.6,260.10 1 0
github.com/convox/rack/cmd/convox/apps.go:261.3,263.18 2 0
github.com/convox/rack/cmd/convox/apps.go:267.4,267.20 1 0
github.com/convox/rack/cmd/convox/apps.go:281.3,282.32 1 0
github.com/convox/rack/cmd/convox/apps.go:263.18,265.5 1 0
github.com/convox/rack/cmd/convox/apps.go:268.4,269.15 1 0
github.com/convox/rack/cmd/convox/apps.go:273.5,273.15 1 0
github.com/convox/rack/cmd/convox/apps.go:274.4,275.16 1 0
github.com/convox/rack/cmd/convox/apps.go:269.15,272.6 2 0
github.com/convox/rack/cmd/convox/apps.go:275.16,279.6 3 0
github.com/convox/rack/cmd/convox/exec.go:13.13,21.2 1 1
github.com/convox/rack/cmd/convox/exec.go:23.36,28.34 3 0
github.com/convox/rack/cmd/convox/exec.go:42.2,43.16 2 0
github.com/convox/rack/cmd/convox/exec.go:47.2,47.23 1 0
github.com/convox/rack/cmd/convox/exec.go:52.2,55.16 3 0
github.com/convox/rack/cmd/convox/exec.go:59.2,59.32 1 0
github.com/convox/rack/cmd/convox/exec.go:28.34,30.17 2 0
github.com/convox/rack/cmd/convox/exec.go:34.3,37.17 3 0
github.com/convox/rack/cmd/convox/exec.go:30.17,32.4 1 0
github.com/convox/rack/cmd/convox/exec.go:37.17,39.4 1 0
github.com/convox/rack/cmd/convox/exec.go:43.16,45.3 1 0
github.com/convox/rack/cmd/convox/exec.go:47.23,50.3 2 0
github.com/convox/rack/cmd/convox/exec.go:55.16,57.3 1 0
github.com/convox/rack/cmd/convox/start.go:18.13,44.2 1 1
github.com/convox/rack/cmd/convox/start.go:46.37,50.16 2 0
github.com/convox/rack/cmd/convox/start.go:54.2,55.16 2 0
github.com/convox/rack/cmd/convox/start.go:59.2,60.16 2 0
github.com/convox/rack/cmd/convox/start.go:64.2,66.16 3 0
github.com/convox/rack/cmd/convox/start.go:70.2,71.16 2 0
github.com/convox/rack/cmd/convox/start.go:75.2,75.48 1 0
github.com/convox/rack/cmd/convox/start.go:79.2,79.63 1 0
github.com/convox/rack/cmd/convox/start.go:91.2,97.16 5 0
github.com/convox/rack/cmd/convox/start.go:104.2,110.17 3 0
github.com/convox/rack/cmd/convox/start.go:50.16,52.3 1 0
github.com/convox/rack/cmd/convox/start.go:55.16,57.3 1 0
github.com/convox/rack/cmd/convox/start.go:60.16,62.3 1 0
github.com/convox/rack/cmd/convox/start.go:66.16,68.3 1 0
github.com/convox/rack/cmd/convox/start.go:71.16,73.3 1 0
github.com/convox/rack/cmd/convox/start.go:75.48,77.3 1 0
github.com/convox/rack/cmd/convox/start.go:79.63,80.17 1 0
github.com/convox/rack/cmd/convox/start.go:83.3,88.27 2 0
github.com/convox/rack/cmd/convox/start.go:80.17,82.4 1 0
github.com/convox/rack/cmd/convox/start.go:97.16,102.3 1 0
github.com/convox/rack/cmd/convox/start.go:113.40,120.2 6 0
github.com/convox/rack/cmd/convox/start.go:122.25,125.16 3 0
github.com/convox/rack/cmd/convox/start.go:129.2,130.16 2 0
github.com/convox/rack/cmd/convox/start.go:134.2,136.16 3 0
github.com/convox/rack/cmd/convox/start.go:140.2,142.16 3 0
github.com/convox/rack/cmd/convox/start.go:146.2,146.62 1 0
github.com/convox/rack/cmd/convox/start.go:149.2,149.12 1 0
github.com/convox/rack/cmd/convox/start.go:125.16,127.3 1 0
github.com/convox/rack/cmd/convox/start.go:130.16,132.3 1 0
github.com/convox/rack/cmd/convox/start.go:136.16,138.3 1 0
github.com/convox/rack/cmd/convox/start.go:142.16,144.3 1 0
github.com/convox/rack/cmd/convox/start.go:146.62,148.3 1 0
github.com/convox/rack/cmd/convox/api.go:11.13,35.2 1 1
github.com/convox/rack/cmd/convox/api.go:37.35,38.23 1 0
github.com/convox/rack/cmd/convox/api.go:42.2,43.12 2 0
github.com/convox/rack/cmd/convox/api.go:38.23,40.3 1 0
github.com/convox/rack/cmd/convox/api.go:46.38,47.23 1 0
github.com/convox/rack/cmd/convox/api.go:52.2,57.16 4 0
github.com/convox/rack/cmd/convox/api.go:61.2,62.16 2 0
github.com/convox/rack/cmd/convox/api.go:66.2,67.12 2 0
github.com/convox/rack/cmd/convox/api.go:47.23,50.3 2 0
github.com/convox/rack/cmd/convox/api.go:57.16,59.3 1 0
github.com/convox/rack/cmd/convox/api.go:62.16,64.3 1 0
github.com/convox/rack/cmd/convox/api.go:70.41,71.23 1 0
github.com/convox/rack/cmd/convox/api.go:76.2,81.16 4 0
github.com/convox/rack/cmd/convox/api.go:85.2,86.16 2 0
github.com/convox/rack/cmd/convox/api.go:90.2,91.12 2 0
github.com/convox/rack/cmd/convox/api.go:71.23,74.3 2 0
github.com/convox/rack/cmd/convox/api.go:81.16,83.3 1 0
github.com/convox/rack/cmd/convox/api.go:86.16,88.3 1 0
github.com/convox/rack/cmd/convox/uninstall.go:38.13,51.2 1 1
github.com/convox/rack/cmd/convox/uninstall.go:53.41,57.16 3 0
github.com/convox/rack/cmd/convox/uninstall.go:61.2,61.46 1 0
github.com/convox/rack/cmd/convox/uninstall.go:66.2,70.24 4 0
github.com/convox/rack/cmd/convox/uninstall.go:74.2,77.16 3 0
github.com/convox/rack/cmd/convox/uninstall.go:80.2,80.18 1 0
github.com/convox/rack/cmd/convox/uninstall.go:84.2,88.16 4 0
github.com/convox/rack/cmd/convox/uninstall.go:93.2,93.67 1 0
github.com/convox/rack/cmd/convox/uninstall.go:97.2,102.36 3 0
github.com/convox/rack/cmd/convox/uninstall.go:106.2,106.32 1 0
github.com/convox/rack/cmd/convox/uninstall.go:110.2,116.33 4 0
github.com/convox/rack/cmd/convox/uninstall.go:123.2,125.22 2 0
github.com/convox/rack/cmd/convox/uninstall.go:142.2,147.12 3 0
github.com/convox/rack/cmd/convox/uninstall.go:154.2,158.16 3 0
github.com/convox/rack/cmd/convox/uninstall.go:163.2,164.16 2 0
github.com/convox/rack/cmd/convox/uninstall.go:169.2,170.16 2 0
github.com/convox/rack/cmd/convox/uninstall.go:176.2,178.32 2 0
github.com/convox/rack/cmd/convox/uninstall.go:185.2,185.32 1 0
github.com/convox/rack/cmd/convox/uninstall.go:192.2,197.64 3 0
github.com/convox/rack/cmd/convox/uninstall.go:204.2,205.16 2 0
github.com/convox/rack/cmd/convox/uninstall.go:209.2,209.13 1 0
github.com/convox/rack/cmd/convox/uninstall.go:215.2,215.61 1 0
github.com/convox/rack/cmd/convox/uninstall.go:57.16,59.3 1 0
github.com/convox/rack/cmd/convox/uninstall.go:61.46,64.3 2 0
github.com/convox/rack/cmd/convox/uninstall.go:70.24,72.3 1 0
github.com/convox/rack/cmd/convox/uninstall.go:77.16,79.3 1 0
github.com/convox/rack/cmd/convox/uninstall.go:80.18,82.3 1 0
github.com/convox/rack/cmd/convox/uninstall.go:88.16,90.3 1 0
github.com/convox/rack/cmd/convox/uninstall.go:93.67,95.3 1 0
github.com/convox/rack/cmd/convox/uninstall.go:102.36,104.3 1 0
github.com/convox/rack/cmd/convox/uninstall.go:106.32,108.3 1 0
github.com/convox/rack/cmd/convox/uninstall.go:116.33,117.49 1 0
github.com/convox/rack/cmd/convox/uninstall.go:117.49,119.4 1 0
github.com/convox/rack/cmd/convox/uninstall.go:125.22,126.46 1 0
github.com/convox/rack/cmd/convox/uninstall.go:126.46,130.18 3 0
github.com/convox/rack/cmd/convox/uninstall.go:134.4,134.41 1 0
github.com/convox/rack/cmd/convox/uninstall.go:130.18,132.5 1 0
github.com/convox/rack/cmd/convox/uninstall.go:134.41,136.5 1 0
github.com/convox/rack/cmd/convox/uninstall.go:137.4,139.4 1 0
github.com/convox/rack/cmd/convox/uninstall.go:147.12,149.15 2 0
github.com/convox/rack/cmd/convox/uninstall.go:149.15,151.4 1 0
github.com/convox/rack/cmd/convox/uninstall.go:158.16,161.3 2 0
github.com/convox/rack/cmd/convox/uninstall.go:164.16,167.3 2 0
github.com/convox/rack/cmd/convox/uninstall.go:170.16,173.3 2 0
github.com/convox/rack/cmd/convox/uninstall.go:178.32,179.31 1 0
github.com/convox/rack/cmd/convox/uninstall.go:179.31,182.4 2 0
github.com/convox/rack/cmd/convox/uninstall.go:185.32,186.31 1 0
github.com/convox/rack/cmd/convox/uninstall.go:186.31,189.4 2 0
github.com/convox/rack/cmd/convox/uninstall.go:197.64,199.17 2 0
github.com/convox/rack/cmd/convox/uninstall.go:199.17,201.4 1 0
github.com/convox/rack/cmd/convox/uninstall.go:205.16,207.3 1 0
github.com/convox/rack/cmd/convox/uninstall.go:209.13,211.3 1 0
github.com/convox/rack/cmd/convox/uninstall.go:211.3,213.3 1 0
github.com/convox/rack/cmd/convox/uninstall.go:222.71,234.16 7 0
github.com/convox/rack/cmd/convox/uninstall.go:239.2,239.38 1 0
github.com/convox/rack/cmd/convox/uninstall.go:243.2,243.33 1 0
github.com/convox/rack/cmd/convox/uninstall.go:247.2,250.57 3 0
github.com/convox/rack/cmd/convox/uninstall.go:272.2,286.16 10 0
github.com/convox/rack/cmd/convox/uninstall.go:290.2,291.12 2 0
github.com/convox/rack/cmd/convox/uninstall.go:234.16,237.3 2 0
github.com/convox/rack/cmd/convox/uninstall.go:239.38,241.3 1 0
github.com/convox/rack/cmd/convox/uninstall.go:243.33,245.3 1 0
github.com/convox/rack/cmd/convox/uninstall.go:250.57,255.17 4 0
github.com/convox/rack/cmd/convox/uninstall.go:260.3,260.39 1 0
github.com/convox/rack/cmd/convox/uninstall.go:264.3,264.34 1 0
github.com/convox/rack/cmd/convox/uninstall.go:268.3,269.48 2 0
github.com/convox/rack/cmd/convox/uninstall.go:255.17,258.4 2 0
github.com/convox/rack/cmd/convox/uninstall.go:260.39,262.4 1 0
github.com/convox/rack/cmd/convox/uninstall.go:264.34,266.4 1 0
github.com/convox/rack/cmd/convox/uninstall.go:286.16,288.3 1 0
github.com/convox/rack/cmd/convox/uninstall.go:294.78,297.41 2 0
github.com/convox/rack/cmd/convox/uninstall.go:321.2,321.8 1 0
github.com/convox/rack/cmd/convox/uninstall.go:297.41,299.23 2 0
github.com/convox/rack/cmd/convox/uninstall.go:303.3,304.36 2 0
github.com/convox/rack/cmd/convox/uninstall.go:308.3,314.17 2 0
github.com/convox/rack/cmd/convox/uninstall.go:318.3,318.24 1 0
github.com/convox/rack/cmd/convox/uninstall.go:299.23,301.4 1 0
github.com/convox/rack/cmd/convox/uninstall.go:304.36,306.4 1 0
github.com/convox/rack/cmd/convox/uninstall.go:314.17,316.4 1 0
github.com/convox/rack/cmd/convox/uninstall.go:326.87,328.37 2 0
github.com/convox/rack/cmd/convox/uninstall.go:335.2,338.12 2 0
github.com/convox/rack/cmd/convox/uninstall.go:329.2,330.41 1 0
github.com/convox/rack/cmd/convox/uninstall.go:331.2,332.50 1 0
github.com/convox/rack/cmd/convox/uninstall.go:341.100,342.6 1 0
github.com/convox/rack/cmd/convox/uninstall.go:384.2,384.12 1 0
github.com/convox/rack/cmd/convox/uninstall.go:342.6,344.17 2 0
github.com/convox/rack/cmd/convox/uninstall.go:348.3,352.25 3 0
github.com/convox/rack/cmd/convox/uninstall.go:356.3,356.30 1 0
github.com/convox/rack/cmd/convox/uninstall.go:377.3,377.36 1 0
github.com/convox/rack/cmd/convox/uninstall.go:381.3,381.30 1 0
github.com/convox/rack/cmd/convox/uninstall.go:344.17,346.4 1 0
github.com/convox/rack/cmd/convox/uninstall.go:352.25,354.4 1 0
github.com/convox/rack/cmd/convox/uninstall.go:356.30,357.40 1 0
github.com/convox/rack/cmd/convox/uninstall.go:357.40,359.5 1 0
github.com/convox/rack/cmd/convox/uninstall.go:359.5,360.21 1 0
github.com/convox/rack/cmd/convox/uninstall.go:361.5,362.36 1 0
github.com/convox/rack/cmd/convox/uninstall.go:363.5,364.39 1 0
github.com/convox/rack/cmd/convox/uninstall.go:368.6,368.36 1 0
github.com/convox/rack/cmd/convox/uninstall.go:369.5,370.44 1 0
github.com/convox/rack/cmd/convox/uninstall.go:371.5,372.44 1 0
github.com/convox/rack/cmd/convox/uninstall.go:364.39,367.7 1 0
github.com/convox/rack/cmd/convox/uninstall.go:377.36,379.4 1 0
github.com/convox/rack/cmd/convox/uninstall.go:388.105,390.16 2 0
github.com/convox/rack/cmd/convox/uninstall.go:394.2,398.35 4 0
github.com/convox/rack/cmd/convox/uninstall.go:473.2,477.8 1 0
github.com/convox/rack/cmd/convox/uninstall.go:390.16,392.3 1 0
github.com/convox/rack/cmd/convox/uninstall.go:398.35,403.40 4 0
github.com/convox/rack/cmd/convox/uninstall.go:407.3,407.34 1 0
github.com/convox/rack/cmd/convox/uninstall.go:411.3,412.17 2 0
github.com/convox/rack/cmd/convox/uninstall.go:416.3,421.17 3 0
github.com/convox/rack/cmd/convox/uninstall.go:425.3,425.48 1 0
github.com/convox/rack/cmd/convox/uninstall.go:433.3,436.17 2 0
github.com/convox/rack/cmd/convox/uninstall.go:440.3,440.42 1 0
github.com/convox/rack/cmd/convox/uninstall.go:446.3,458.31 2 0
github.com/convox/rack/cmd/convox/uninstall.go:468.3,468.65 1 0
github.com/convox/rack/cmd/convox/uninstall.go:403.40,405.4 1 0
github.com/convox/rack/cmd/convox/uninstall.go:407.34,409.4 1 0
github.com/convox/rack/cmd/convox/uninstall.go:412.17,414.4 1 0
github.com/convox/rack/cmd/convox/uninstall.go:421.17,423.4 1 0
github.com/convox/rack/cmd/convox/uninstall.go:425.48,426.51 1 0
github.com/convox/rack/cmd/convox/uninstall.go:426.51,427.43 1 0
github.com/convox/rack/cmd/convox/uninstall.go:427.43,429.6 1 0
github.com/convox/rack/cmd/convox/uninstall.go:436.17,438.4 1 0
github.com/convox/rack/cmd/convox/uninstall.go:440.42,441.58 1 0
github.com/convox/rack/cmd/convox/uninstall.go:441.58,443.5 1 0
github.com/convox/rack/cmd/convox/uninstall.go:458.31,459.24 1 0
github.com/convox/rack/cmd/convox/uninstall.go:460.4,461.27 1 0
github.com/convox/rack/cmd/convox/uninstall.go:462.4,463.35 1 0
github.com/convox/rack/cmd/convox/uninstall.go:468.65,470.4 1 0
github.com/convox/rack/cmd/convox/uninstall.go:480.36,486.2 5 0
github.com/convox/rack/cmd/convox/uninstall.go:488.47,489.11 1 0
github.com/convox/rack/cmd/convox/uninstall.go:490.2,491.21 1 0
github.com/convox/rack/cmd/convox/uninstall.go:492.2,493.21 1 0
github.com/convox/rack/cmd/convox/uninstall.go:494.2,495.25 1 0
github.com/convox/rack/cmd/convox/uninstall.go:496.2,497.19 1 0
