mode: atomic
github.com/convox/rack/api/controllers/sns.go:15.57,21.16 4 0
github.com/convox/rack/api/controllers/sns.go:27.2,30.16 3 0
github.com/convox/rack/api/controllers/sns.go:36.2,42.16 3 0
github.com/convox/rack/api/controllers/sns.go:48.2,49.23 2 0
github.com/convox/rack/api/controllers/sns.go:21.16,25.3 3 0
github.com/convox/rack/api/controllers/sns.go:30.16,34.3 3 0
github.com/convox/rack/api/controllers/sns.go:42.16,46.3 3 0
github.com/convox/rack/api/controllers/sns.go:52.55,58.16 4 0
github.com/convox/rack/api/controllers/sns.go:64.2,67.16 3 0
github.com/convox/rack/api/controllers/sns.go:73.2,75.16 3 0
github.com/convox/rack/api/controllers/sns.go:81.2,82.23 2 0
github.com/convox/rack/api/controllers/sns.go:58.16,62.3 3 0
github.com/convox/rack/api/controllers/sns.go:67.16,71.3 3 0
github.com/convox/rack/api/controllers/sns.go:75.16,79.3 3 0
github.com/convox/rack/api/controllers/certificates.go:13.80,19.16 5 0
github.com/convox/rack/api/controllers/certificates.go:23.2,23.29 1 0
github.com/convox/rack/api/controllers/certificates.go:19.16,21.3 1 0
github.com/convox/rack/api/controllers/certificates.go:26.80,31.16 3 0
github.com/convox/rack/api/controllers/certificates.go:35.2,35.26 1 0
github.com/convox/rack/api/controllers/certificates.go:31.16,33.3 1 0
github.com/convox/rack/api/controllers/certificates.go:38.82,43.16 3 0
github.com/convox/rack/api/controllers/certificates.go:47.2,47.29 1 0
github.com/convox/rack/api/controllers/certificates.go:43.16,45.3 1 0
github.com/convox/rack/api/controllers/certificates.go:50.78,53.16 2 0
github.com/convox/rack/api/controllers/certificates.go:57.2,59.30 2 0
github.com/convox/rack/api/controllers/certificates.go:53.16,55.3 1 0
github.com/convox/rack/api/controllers/controllers.go:12.33,13.38 1 22
github.com/convox/rack/api/controllers/controllers.go:17.2,17.11 1 20
github.com/convox/rack/api/controllers/controllers.go:13.38,15.3 1 2
github.com/convox/rack/api/controllers/controllers.go:20.51,23.32 2 22
github.com/convox/rack/api/controllers/controllers.go:23.32,25.3 1 15
github.com/convox/rack/api/controllers/controllers.go:25.3,27.3 1 7
github.com/convox/rack/api/controllers/controllers.go:30.68,34.2 2 9
github.com/convox/rack/api/controllers/controllers.go:36.76,39.16 2 11
github.com/convox/rack/api/controllers/controllers.go:43.2,49.28 4 11
github.com/convox/rack/api/controllers/controllers.go:39.16,41.3 1 0
github.com/convox/rack/api/controllers/controllers.go:52.69,56.2 2 0
github.com/convox/rack/api/controllers/controllers.go:58.59,62.2 2 7
github.com/convox/rack/api/controllers/controllers.go:64.84,68.2 2 0
github.com/convox/rack/api/controllers/index.go:17.72,21.16 3 0
github.com/convox/rack/api/controllers/index.go:25.2,26.16 2 0
github.com/convox/rack/api/controllers/index.go:30.2,30.32 1 0
github.com/convox/rack/api/controllers/index.go:21.16,23.3 1 0
github.com/convox/rack/api/controllers/index.go:26.16,28.3 1 0
github.com/convox/rack/api/controllers/index.go:33.74,37.16 3 0
github.com/convox/rack/api/controllers/index.go:41.2,42.16 2 0
github.com/convox/rack/api/controllers/index.go:46.2,48.40 2 0
github.com/convox/rack/api/controllers/index.go:52.2,53.16 2 0
github.com/convox/rack/api/controllers/index.go:57.2,57.26 1 0
github.com/convox/rack/api/controllers/index.go:37.16,39.3 1 0
github.com/convox/rack/api/controllers/index.go:42.16,44.3 1 0
github.com/convox/rack/api/controllers/index.go:48.40,50.3 1 0
github.com/convox/rack/api/controllers/index.go:53.16,55.3 1 0
github.com/convox/rack/api/controllers/instances.go:15.13,16.2 0 1
github.com/convox/rack/api/controllers/instances.go:18.79,21.16 2 0
github.com/convox/rack/api/controllers/instances.go:25.2,25.26 1 0
github.com/convox/rack/api/controllers/instances.go:21.16,23.3 1 0
github.com/convox/rack/api/controllers/instances.go:28.76,30.16 2 1
github.com/convox/rack/api/controllers/instances.go:34.2,34.34 1 1
github.com/convox/rack/api/controllers/instances.go:30.16,32.3 1 0
github.com/convox/rack/api/controllers/instances.go:37.53,46.16 7 0
github.com/convox/rack/api/controllers/instances.go:57.2,57.77 1 0
github.com/convox/rack/api/controllers/instances.go:46.16,48.17 2 0
github.com/convox/rack/api/controllers/instances.go:51.3,52.17 2 0
github.com/convox/rack/api/controllers/instances.go:48.17,50.4 1 0
github.com/convox/rack/api/controllers/instances.go:52.17,54.4 1 0
github.com/convox/rack/api/controllers/instances.go:60.80,63.40 2 1
github.com/convox/rack/api/controllers/instances.go:67.2,67.16 1 1
github.com/convox/rack/api/controllers/instances.go:71.2,77.16 3 1
github.com/convox/rack/api/controllers/instances.go:81.2,81.26 1 1
github.com/convox/rack/api/controllers/instances.go:63.40,65.3 1 0
github.com/convox/rack/api/controllers/instances.go:67.16,69.3 1 0
github.com/convox/rack/api/controllers/instances.go:77.16,79.3 1 0
github.com/convox/rack/api/controllers/proxy.go:15.47,22.59 5 0
github.com/convox/rack/api/controllers/proxy.go:26.2,26.16 1 0
github.com/convox/rack/api/controllers/proxy.go:30.2,37.12 6 0
github.com/convox/rack/api/controllers/proxy.go:22.59,24.3 1 0
github.com/convox/rack/api/controllers/proxy.go:26.16,28.3 1 0
github.com/convox/rack/api/controllers/proxy.go:40.66,43.2 2 0
github.com/convox/rack/api/controllers/releases.go:14.74,18.40 3 0
github.com/convox/rack/api/controllers/releases.go:21.2,21.16 1 0
github.com/convox/rack/api/controllers/releases.go:25.2,25.33 1 0
github.com/convox/rack/api/controllers/releases.go:18.40,20.3 1 0
github.com/convox/rack/api/controllers/releases.go:21.16,23.3 1 0
github.com/convox/rack/api/controllers/releases.go:28.75,34.40 5 0
github.com/convox/rack/api/controllers/releases.go:37.2,37.69 1 0
github.com/convox/rack/api/controllers/releases.go:40.2,40.16 1 0
github.com/convox/rack/api/controllers/releases.go:44.2,44.26 1 0
github.com/convox/rack/api/controllers/releases.go:34.40,36.3 1 0
github.com/convox/rack/api/controllers/releases.go:37.69,39.3 1 0
github.com/convox/rack/api/controllers/releases.go:40.16,42.3 1 0
github.com/convox/rack/api/controllers/releases.go:47.77,54.40 5 0
github.com/convox/rack/api/controllers/releases.go:58.2,60.69 2 0
github.com/convox/rack/api/controllers/releases.go:64.2,64.16 1 0
github.com/convox/rack/api/controllers/releases.go:68.2,70.40 2 0
github.com/convox/rack/api/controllers/releases.go:75.2,75.16 1 0
github.com/convox/rack/api/controllers/releases.go:79.2,79.27 1 0
github.com/convox/rack/api/controllers/releases.go:54.40,56.3 1 0
github.com/convox/rack/api/controllers/releases.go:60.69,62.3 1 0
github.com/convox/rack/api/controllers/releases.go:64.16,66.3 1 0
github.com/convox/rack/api/controllers/releases.go:70.40,73.3 2 0
github.com/convox/rack/api/controllers/releases.go:75.16,77.3 1 0
github.com/convox/rack/api/controllers/services.go:14.74,17.16 2 0
github.com/convox/rack/api/controllers/services.go:21.2,21.33 1 0
github.com/convox/rack/api/controllers/services.go:17.16,19.3 1 0
github.com/convox/rack/api/controllers/services.go:24.74,28.40 3 0
github.com/convox/rack/api/controllers/services.go:31.2,31.16 1 0
github.com/convox/rack/api/controllers/services.go:36.2,36.24 1 0
github.com/convox/rack/api/controllers/services.go:45.2,45.26 1 0
github.com/convox/rack/api/controllers/services.go:28.40,30.3 1 0
github.com/convox/rack/api/controllers/services.go:31.16,33.3 1 0
github.com/convox/rack/api/controllers/services.go:36.24,38.17 2 0
github.com/convox/rack/api/controllers/services.go:42.3,42.27 1 0
github.com/convox/rack/api/controllers/services.go:38.17,40.4 1 0
github.com/convox/rack/api/controllers/services.go:48.76,50.16 2 0
github.com/convox/rack/api/controllers/services.go:56.2,57.34 2 0
github.com/convox/rack/api/controllers/services.go:61.2,67.46 5 0
github.com/convox/rack/api/controllers/services.go:77.2,78.16 2 0
github.com/convox/rack/api/controllers/services.go:81.2,81.40 1 0
github.com/convox/rack/api/controllers/services.go:90.2,91.63 2 0
github.com/convox/rack/api/controllers/services.go:94.2,94.54 1 0
github.com/convox/rack/api/controllers/services.go:98.2,98.16 1 0
github.com/convox/rack/api/controllers/services.go:102.2,103.16 2 0
github.com/convox/rack/api/controllers/services.go:107.2,107.32 1 0
github.com/convox/rack/api/controllers/services.go:50.16,52.3 1 0
github.com/convox/rack/api/controllers/services.go:57.34,60.3 2 0
github.com/convox/rack/api/controllers/services.go:67.46,69.17 2 0
github.com/convox/rack/api/controllers/services.go:73.3,73.27 1 0
github.com/convox/rack/api/controllers/services.go:69.17,71.4 1 0
github.com/convox/rack/api/controllers/services.go:78.16,80.3 1 0
github.com/convox/rack/api/controllers/services.go:81.40,88.3 1 0
github.com/convox/rack/api/controllers/services.go:91.63,93.3 1 0
github.com/convox/rack/api/controllers/services.go:94.54,97.3 2 0
github.com/convox/rack/api/controllers/services.go:98.16,100.3 1 0
github.com/convox/rack/api/controllers/services.go:103.16,105.3 1 0
github.com/convox/rack/api/controllers/services.go:110.76,114.40 3 0
github.com/convox/rack/api/controllers/services.go:117.2,117.16 1 0
github.com/convox/rack/api/controllers/services.go:121.2,122.16 2 0
github.com/convox/rack/api/controllers/services.go:126.2,126.26 1 0
github.com/convox/rack/api/controllers/services.go:114.40,116.3 1 0
github.com/convox/rack/api/controllers/services.go:117.16,119.3 1 0
github.com/convox/rack/api/controllers/services.go:122.16,124.3 1 0
github.com/convox/rack/api/controllers/services.go:129.76,133.40 3 0
github.com/convox/rack/api/controllers/services.go:136.2,136.16 1 0
github.com/convox/rack/api/controllers/services.go:140.2,141.16 2 0
github.com/convox/rack/api/controllers/services.go:147.2,148.34 2 0
github.com/convox/rack/api/controllers/services.go:153.2,154.54 2 0
github.com/convox/rack/api/controllers/services.go:158.2,158.16 1 0
github.com/convox/rack/api/controllers/services.go:162.2,163.16 2 0
github.com/convox/rack/api/controllers/services.go:167.2,167.26 1 0
github.com/convox/rack/api/controllers/services.go:133.40,135.3 1 0
github.com/convox/rack/api/controllers/services.go:136.16,138.3 1 0
github.com/convox/rack/api/controllers/services.go:141.16,143.3 1 0
github.com/convox/rack/api/controllers/services.go:148.34,151.3 2 0
github.com/convox/rack/api/controllers/services.go:154.54,157.3 2 0
github.com/convox/rack/api/controllers/services.go:158.16,160.3 1 0
github.com/convox/rack/api/controllers/services.go:163.16,165.3 1 0
github.com/convox/rack/api/controllers/services.go:170.54,174.2 3 0
github.com/convox/rack/api/controllers/switch.go:9.68,15.2 2 0
github.com/convox/rack/api/controllers/api.go:23.62,24.55 1 1456
github.com/convox/rack/api/controllers/api.go:24.55,27.24 2 28
github.com/convox/rack/api/controllers/api.go:34.3,34.23 1 27
github.com/convox/rack/api/controllers/api.go:40.3,42.17 2 27
github.com/convox/rack/api/controllers/api.go:49.3,54.12 1 18
github.com/convox/rack/api/controllers/api.go:27.24,32.4 4 1
github.com/convox/rack/api/controllers/api.go:34.23,38.4 3 0
github.com/convox/rack/api/controllers/api.go:42.17,47.4 4 9
github.com/convox/rack/api/controllers/api.go:58.46,65.16 2 9
github.com/convox/rack/api/controllers/api.go:70.2,79.32 4 3
github.com/convox/rack/api/controllers/api.go:65.16,68.3 2 6
github.com/convox/rack/api/controllers/api.go:79.32,84.3 1 57
github.com/convox/rack/api/controllers/api.go:87.42,88.33 1 28
github.com/convox/rack/api/controllers/api.go:92.2,94.16 2 2
github.com/convox/rack/api/controllers/api.go:98.2,98.40 1 1
github.com/convox/rack/api/controllers/api.go:102.2,104.16 2 1
github.com/convox/rack/api/controllers/api.go:108.2,110.58 2 1
github.com/convox/rack/api/controllers/api.go:114.2,114.13 1 1
github.com/convox/rack/api/controllers/api.go:88.33,90.3 1 26
github.com/convox/rack/api/controllers/api.go:94.16,96.3 1 1
github.com/convox/rack/api/controllers/api.go:98.40,100.3 1 0
github.com/convox/rack/api/controllers/api.go:104.16,106.3 1 0
github.com/convox/rack/api/controllers/api.go:110.58,112.3 1 0
github.com/convox/rack/api/controllers/api.go:119.41,120.29 1 27
github.com/convox/rack/api/controllers/api.go:124.2,124.60 1 25
github.com/convox/rack/api/controllers/api.go:128.2,128.41 1 25
github.com/convox/rack/api/controllers/api.go:137.2,137.14 1 0
github.com/convox/rack/api/controllers/api.go:120.29,122.3 1 2
github.com/convox/rack/api/controllers/api.go:124.60,126.3 1 0
github.com/convox/rack/api/controllers/api.go:129.2,130.15 1 0
github.com/convox/rack/api/controllers/api.go:131.2,132.14 1 25
github.com/convox/rack/api/controllers/api.go:133.2,134.35 1 0
github.com/convox/rack/api/controllers/api.go:140.64,141.52 1 168
github.com/convox/rack/api/controllers/api.go:141.52,144.35 2 0
github.com/convox/rack/api/controllers/api.go:149.3,149.34 1 0
github.com/convox/rack/api/controllers/api.go:154.3,156.17 2 0
github.com/convox/rack/api/controllers/api.go:162.3,167.12 1 0
github.com/convox/rack/api/controllers/api.go:144.35,147.4 2 0
github.com/convox/rack/api/controllers/api.go:149.34,152.4 2 0
github.com/convox/rack/api/controllers/api.go:156.17,160.4 3 0
github.com/convox/rack/api/controllers/api.go:173.56,176.6 3 0
github.com/convox/rack/api/controllers/api.go:176.6,179.31 3 0
github.com/convox/rack/api/controllers/api.go:179.31,182.4 2 0
github.com/convox/rack/api/controllers/parameters.go:11.77,16.40 3 0
github.com/convox/rack/api/controllers/parameters.go:20.2,20.16 1 0
github.com/convox/rack/api/controllers/parameters.go:24.2,24.37 1 0
github.com/convox/rack/api/controllers/parameters.go:16.40,18.3 1 0
github.com/convox/rack/api/controllers/parameters.go:20.16,22.3 1 0
github.com/convox/rack/api/controllers/parameters.go:27.76,32.40 3 0
github.com/convox/rack/api/controllers/parameters.go:36.2,36.16 1 0
github.com/convox/rack/api/controllers/parameters.go:40.2,44.34 3 0
github.com/convox/rack/api/controllers/parameters.go:48.2,50.16 2 0
github.com/convox/rack/api/controllers/parameters.go:54.2,54.26 1 0
github.com/convox/rack/api/controllers/parameters.go:32.40,34.3 1 0
github.com/convox/rack/api/controllers/parameters.go:36.16,38.3 1 0
github.com/convox/rack/api/controllers/parameters.go:44.34,46.3 1 0
github.com/convox/rack/api/controllers/parameters.go:50.16,52.3 1 0
github.com/convox/rack/api/controllers/registries.go:13.75,16.16 2 0
github.com/convox/rack/api/controllers/registries.go:20.2,20.28 1 0
github.com/convox/rack/api/controllers/registries.go:16.16,18.3 1 0
github.com/convox/rack/api/controllers/registries.go:23.77,33.16 3 0
github.com/convox/rack/api/controllers/registries.go:37.2,39.16 2 0
github.com/convox/rack/api/controllers/registries.go:43.2,47.16 3 0
github.com/convox/rack/api/controllers/registries.go:51.2,55.16 3 0
github.com/convox/rack/api/controllers/registries.go:59.2,59.27 1 0
github.com/convox/rack/api/controllers/registries.go:33.16,35.3 1 0
github.com/convox/rack/api/controllers/registries.go:39.16,41.3 1 0
github.com/convox/rack/api/controllers/registries.go:47.16,49.3 1 0
github.com/convox/rack/api/controllers/registries.go:55.16,57.3 1 0
github.com/convox/rack/api/controllers/registries.go:62.77,68.16 3 0
github.com/convox/rack/api/controllers/registries.go:72.2,74.9 2 0
github.com/convox/rack/api/controllers/registries.go:78.2,83.16 4 0
github.com/convox/rack/api/controllers/registries.go:87.2,91.16 3 0
github.com/convox/rack/api/controllers/registries.go:95.2,95.27 1 0
github.com/convox/rack/api/controllers/registries.go:68.16,70.3 1 0
github.com/convox/rack/api/controllers/registries.go:74.9,76.3 1 0
github.com/convox/rack/api/controllers/registries.go:83.16,85.3 1 0
github.com/convox/rack/api/controllers/registries.go:91.16,93.3 1 0
github.com/convox/rack/api/controllers/system.go:12.80,14.40 2 0
github.com/convox/rack/api/controllers/system.go:17.2,17.16 1 0
github.com/convox/rack/api/controllers/system.go:21.2,22.16 2 0
github.com/convox/rack/api/controllers/system.go:26.2,26.33 1 0
github.com/convox/rack/api/controllers/system.go:14.40,16.3 1 0
github.com/convox/rack/api/controllers/system.go:17.16,19.3 1 0
github.com/convox/rack/api/controllers/system.go:22.16,24.3 1 0
github.com/convox/rack/api/controllers/system.go:29.73,31.40 2 2
github.com/convox/rack/api/controllers/system.go:34.2,34.16 1 2
github.com/convox/rack/api/controllers/system.go:38.2,38.29 1 2
github.com/convox/rack/api/controllers/system.go:31.40,33.3 1 0
github.com/convox/rack/api/controllers/system.go:34.16,36.3 1 0
github.com/convox/rack/api/controllers/system.go:41.75,43.16 2 0
github.com/convox/rack/api/controllers/system.go:47.2,49.47 2 0
github.com/convox/rack/api/controllers/system.go:77.2,77.38 1 0
github.com/convox/rack/api/controllers/system.go:82.2,82.53 1 0
github.com/convox/rack/api/controllers/system.go:87.2,87.26 1 0
github.com/convox/rack/api/controllers/system.go:91.2,92.16 2 0
github.com/convox/rack/api/controllers/system.go:96.2,97.16 2 0
github.com/convox/rack/api/controllers/system.go:101.2,103.29 2 0
github.com/convox/rack/api/controllers/system.go:43.16,45.3 1 0
github.com/convox/rack/api/controllers/system.go:49.47,52.17 2 0
github.com/convox/rack/api/controllers/system.go:57.3,57.18 1 0
github.com/convox/rack/api/controllers/system.go:52.17,54.4 1 0
github.com/convox/rack/api/controllers/system.go:57.18,58.18 1 0
github.com/convox/rack/api/controllers/system.go:62.4,63.18 2 0
github.com/convox/rack/api/controllers/system.go:67.4,67.46 1 0
github.com/convox/rack/api/controllers/system.go:71.4,73.45 2 0
github.com/convox/rack/api/controllers/system.go:58.18,60.5 1 0
github.com/convox/rack/api/controllers/system.go:63.18,65.5 1 0
github.com/convox/rack/api/controllers/system.go:67.46,69.5 1 0
github.com/convox/rack/api/controllers/system.go:77.38,80.3 2 0
github.com/convox/rack/api/controllers/system.go:82.53,85.3 2 0
github.com/convox/rack/api/controllers/system.go:87.26,89.3 1 0
github.com/convox/rack/api/controllers/system.go:92.16,94.3 1 0
github.com/convox/rack/api/controllers/system.go:97.16,99.3 1 0
github.com/convox/rack/api/controllers/system.go:106.77,108.16 2 0
github.com/convox/rack/api/controllers/system.go:112.2,112.33 1 0
github.com/convox/rack/api/controllers/system.go:108.16,110.3 1 0
github.com/convox/rack/api/controllers/apps.go:18.70,20.16 2 1
github.com/convox/rack/api/controllers/apps.go:24.2,26.29 2 1
github.com/convox/rack/api/controllers/apps.go:20.16,22.3 1 0
github.com/convox/rack/api/controllers/apps.go:29.70,32.30 2 3
github.com/convox/rack/api/controllers/apps.go:36.2,37.40 2 3
github.com/convox/rack/api/controllers/apps.go:41.2,41.65 1 2
github.com/convox/rack/api/controllers/apps.go:45.2,45.16 1 2
github.com/convox/rack/api/controllers/apps.go:49.2,49.26 1 2
github.com/convox/rack/api/controllers/apps.go:32.30,34.3 1 0
github.com/convox/rack/api/controllers/apps.go:37.40,39.3 1 1
github.com/convox/rack/api/controllers/apps.go:41.65,43.3 1 0
github.com/convox/rack/api/controllers/apps.go:45.16,47.3 1 0
github.com/convox/rack/api/controllers/apps.go:52.72,54.31 2 4
github.com/convox/rack/api/controllers/apps.go:59.2,59.56 1 3
github.com/convox/rack/api/controllers/apps.go:64.2,67.47 3 2
github.com/convox/rack/api/controllers/apps.go:76.2,76.16 1 2
github.com/convox/rack/api/controllers/apps.go:80.2,81.16 2 0
github.com/convox/rack/api/controllers/apps.go:85.2,85.28 1 0
github.com/convox/rack/api/controllers/apps.go:54.31,56.3 1 1
github.com/convox/rack/api/controllers/apps.go:59.56,61.3 1 1
github.com/convox/rack/api/controllers/apps.go:67.47,69.17 2 0
github.com/convox/rack/api/controllers/apps.go:73.3,73.88 1 0
github.com/convox/rack/api/controllers/apps.go:69.17,71.4 1 0
github.com/convox/rack/api/controllers/apps.go:76.16,78.3 1 2
github.com/convox/rack/api/controllers/apps.go:81.16,83.3 1 0
github.com/convox/rack/api/controllers/apps.go:88.72,92.40 3 2
github.com/convox/rack/api/controllers/apps.go:96.2,96.16 1 1
github.com/convox/rack/api/controllers/apps.go:100.2,100.106 1 1
github.com/convox/rack/api/controllers/apps.go:104.2,105.16 2 1
github.com/convox/rack/api/controllers/apps.go:109.2,109.26 1 1
github.com/convox/rack/api/controllers/apps.go:92.40,94.3 1 1
github.com/convox/rack/api/controllers/apps.go:96.16,98.3 1 0
github.com/convox/rack/api/controllers/apps.go:100.106,102.3 1 0
github.com/convox/rack/api/controllers/apps.go:105.16,107.3 1 0
github.com/convox/rack/api/controllers/apps.go:112.49,119.37 5 0
github.com/convox/rack/api/controllers/apps.go:123.2,124.39 2 0
github.com/convox/rack/api/controllers/apps.go:131.2,136.16 2 0
github.com/convox/rack/api/controllers/apps.go:142.2,142.12 1 0
github.com/convox/rack/api/controllers/apps.go:119.37,121.3 1 0
github.com/convox/rack/api/controllers/apps.go:124.39,126.17 2 0
github.com/convox/rack/api/controllers/apps.go:126.17,128.4 1 0
github.com/convox/rack/api/controllers/apps.go:136.16,137.59 1 0
github.com/convox/rack/api/controllers/apps.go:140.3,140.29 1 0
github.com/convox/rack/api/controllers/apps.go:137.59,139.4 1 0
github.com/convox/rack/api/controllers/builds.go:23.72,31.13 5 0
github.com/convox/rack/api/controllers/builds.go:40.2,41.40 2 0
github.com/convox/rack/api/controllers/builds.go:44.2,44.16 1 0
github.com/convox/rack/api/controllers/builds.go:48.2,48.31 1 0
github.com/convox/rack/api/controllers/builds.go:31.13,33.3 1 0
github.com/convox/rack/api/controllers/builds.go:33.3,35.17 2 0
github.com/convox/rack/api/controllers/builds.go:35.17,37.4 1 0
github.com/convox/rack/api/controllers/builds.go:41.40,43.3 1 0
github.com/convox/rack/api/controllers/builds.go:44.16,46.3 1 0
github.com/convox/rack/api/controllers/builds.go:51.71,57.40 5 0
github.com/convox/rack/api/controllers/builds.go:60.2,60.67 1 0
github.com/convox/rack/api/controllers/builds.go:63.2,63.16 1 0
github.com/convox/rack/api/controllers/builds.go:67.2,67.26 1 0
github.com/convox/rack/api/controllers/builds.go:57.40,59.3 1 0
github.com/convox/rack/api/controllers/builds.go:60.67,62.3 1 0
github.com/convox/rack/api/controllers/builds.go:63.16,65.3 1 0
github.com/convox/rack/api/controllers/builds.go:70.74,76.16 5 1
github.com/convox/rack/api/controllers/builds.go:80.2,80.26 1 1
github.com/convox/rack/api/controllers/builds.go:76.16,78.3 1 0
github.com/convox/rack/api/controllers/builds.go:83.74,95.77 9 0
github.com/convox/rack/api/controllers/builds.go:102.2,103.16 2 0
github.com/convox/rack/api/controllers/builds.go:107.2,108.16 2 0
github.com/convox/rack/api/controllers/builds.go:113.2,114.16 2 0
github.com/convox/rack/api/controllers/builds.go:118.2,121.19 2 0
github.com/convox/rack/api/controllers/builds.go:137.2,137.16 1 0
github.com/convox/rack/api/controllers/builds.go:141.2,141.26 1 0
github.com/convox/rack/api/controllers/builds.go:95.77,98.3 2 0
github.com/convox/rack/api/controllers/builds.go:103.16,105.3 1 0
github.com/convox/rack/api/controllers/builds.go:108.16,110.3 1 0
github.com/convox/rack/api/controllers/builds.go:114.16,116.3 1 0
github.com/convox/rack/api/controllers/builds.go:121.19,123.3 1 0
github.com/convox/rack/api/controllers/builds.go:123.3,123.23 1 0
github.com/convox/rack/api/controllers/builds.go:123.23,125.3 1 0
github.com/convox/rack/api/controllers/builds.go:125.3,125.24 1 0
github.com/convox/rack/api/controllers/builds.go:125.24,128.17 3 0
github.com/convox/rack/api/controllers/builds.go:132.3,132.75 1 0
github.com/convox/rack/api/controllers/builds.go:128.17,130.4 1 0
github.com/convox/rack/api/controllers/builds.go:133.3,135.3 1 0
github.com/convox/rack/api/controllers/builds.go:137.16,139.3 1 0
github.com/convox/rack/api/controllers/builds.go:144.74,151.16 6 0
github.com/convox/rack/api/controllers/builds.go:155.2,155.46 1 0
github.com/convox/rack/api/controllers/builds.go:159.2,159.43 1 0
github.com/convox/rack/api/controllers/builds.go:163.2,163.41 1 0
github.com/convox/rack/api/controllers/builds.go:167.2,167.41 1 0
github.com/convox/rack/api/controllers/builds.go:176.2,176.48 1 0
github.com/convox/rack/api/controllers/builds.go:183.2,184.16 2 0
github.com/convox/rack/api/controllers/builds.go:191.2,191.17 1 0
github.com/convox/rack/api/controllers/builds.go:214.2,214.26 1 0
github.com/convox/rack/api/controllers/builds.go:224.2,224.26 1 0
github.com/convox/rack/api/controllers/builds.go:151.16,153.3 1 0
github.com/convox/rack/api/controllers/builds.go:155.46,157.3 1 0
github.com/convox/rack/api/controllers/builds.go:159.43,161.3 1 0
github.com/convox/rack/api/controllers/builds.go:163.41,165.3 1 0
github.com/convox/rack/api/controllers/builds.go:167.41,168.39 1 0
github.com/convox/rack/api/controllers/builds.go:171.3,172.23 2 0
github.com/convox/rack/api/controllers/builds.go:168.39,170.4 1 0
github.com/convox/rack/api/controllers/builds.go:176.48,178.17 2 0
github.com/convox/rack/api/controllers/builds.go:178.17,180.4 1 0
github.com/convox/rack/api/controllers/builds.go:184.16,186.3 1 0
github.com/convox/rack/api/controllers/builds.go:191.17,193.17 2 0
github.com/convox/rack/api/controllers/builds.go:193.17,195.4 1 0
github.com/convox/rack/api/controllers/builds.go:195.4,196.21 1 0
github.com/convox/rack/api/controllers/builds.go:196.21,199.32 3 0
github.com/convox/rack/api/controllers/builds.go:209.5,209.14 1 0
github.com/convox/rack/api/controllers/builds.go:199.32,201.50 2 0
github.com/convox/rack/api/controllers/builds.go:201.50,204.21 3 0
github.com/convox/rack/api/controllers/builds.go:204.21,206.8 1 0
github.com/convox/rack/api/controllers/builds.go:214.26,222.3 1 0
github.com/convox/rack/api/controllers/builds.go:227.72,234.16 6 0
github.com/convox/rack/api/controllers/builds.go:238.2,238.26 1 0
github.com/convox/rack/api/controllers/builds.go:234.16,236.3 1 0
github.com/convox/rack/api/controllers/builds.go:241.51,248.16 5 0
github.com/convox/rack/api/controllers/builds.go:252.2,256.40 2 0
github.com/convox/rack/api/controllers/builds.go:286.2,288.16 2 0
github.com/convox/rack/api/controllers/builds.go:292.2,309.28 5 0
github.com/convox/rack/api/controllers/builds.go:248.16,250.3 1 0
github.com/convox/rack/api/controllers/builds.go:256.40,259.17 2 0
github.com/convox/rack/api/controllers/builds.go:263.3,263.26 1 0
github.com/convox/rack/api/controllers/builds.go:259.17,261.4 1 0
github.com/convox/rack/api/controllers/builds.go:263.26,266.18 2 0
github.com/convox/rack/api/controllers/builds.go:270.4,277.20 2 0
github.com/convox/rack/api/controllers/builds.go:266.18,268.5 1 0
github.com/convox/rack/api/controllers/builds.go:277.20,279.10 2 0
github.com/convox/rack/api/controllers/builds.go:288.16,290.3 1 0
github.com/convox/rack/api/controllers/builds.go:312.52,316.6 3 0
github.com/convox/rack/api/controllers/builds.go:316.6,317.10 1 0
github.com/convox/rack/api/controllers/builds.go:318.3,319.15 1 0
github.com/convox/rack/api/controllers/builds.go:320.3,321.10 1 0
github.com/convox/rack/api/controllers/formation.go:14.76,19.40 3 0
github.com/convox/rack/api/controllers/formation.go:23.2,25.16 2 0
github.com/convox/rack/api/controllers/formation.go:29.2,29.34 1 0
github.com/convox/rack/api/controllers/formation.go:19.40,21.3 1 0
github.com/convox/rack/api/controllers/formation.go:25.16,27.3 1 0
github.com/convox/rack/api/controllers/formation.go:32.75,38.40 5 8
github.com/convox/rack/api/controllers/formation.go:42.2,45.41 2 8
github.com/convox/rack/api/controllers/formation.go:65.2,65.39 1 7
github.com/convox/rack/api/controllers/formation.go:79.2,79.42 1 7
github.com/convox/rack/api/controllers/formation.go:93.2,94.38 2 6
github.com/convox/rack/api/controllers/formation.go:104.2,104.16 1 6
github.com/convox/rack/api/controllers/formation.go:108.2,108.26 1 5
github.com/convox/rack/api/controllers/formation.go:38.40,40.3 1 0
github.com/convox/rack/api/controllers/formation.go:45.41,47.17 2 3
github.com/convox/rack/api/controllers/formation.go:51.3,55.60 2 2
github.com/convox/rack/api/controllers/formation.go:60.3,60.14 1 2
github.com/convox/rack/api/controllers/formation.go:47.17,49.4 1 1
github.com/convox/rack/api/controllers/formation.go:55.60,57.4 1 0
github.com/convox/rack/api/controllers/formation.go:60.14,62.4 1 0
github.com/convox/rack/api/controllers/formation.go:65.39,67.17 2 0
github.com/convox/rack/api/controllers/formation.go:71.3,74.14 2 0
github.com/convox/rack/api/controllers/formation.go:67.17,69.4 1 0
github.com/convox/rack/api/controllers/formation.go:74.14,76.4 1 0
github.com/convox/rack/api/controllers/formation.go:79.42,81.17 2 4
github.com/convox/rack/api/controllers/formation.go:85.3,88.24 2 3
github.com/convox/rack/api/controllers/formation.go:81.17,83.4 1 1
github.com/convox/rack/api/controllers/formation.go:88.24,90.4 1 1
github.com/convox/rack/api/controllers/formation.go:94.38,95.37 1 0
github.com/convox/rack/api/controllers/formation.go:95.37,96.11 1 0
github.com/convox/rack/api/controllers/formation.go:97.4,98.74 1 0
github.com/convox/rack/api/controllers/formation.go:99.4,100.67 1 0
github.com/convox/rack/api/controllers/formation.go:104.16,106.3 1 1
github.com/convox/rack/api/controllers/processes.go:15.74,21.40 4 4
github.com/convox/rack/api/controllers/processes.go:25.2,27.16 2 4
github.com/convox/rack/api/controllers/processes.go:31.2,31.11 1 4
github.com/convox/rack/api/controllers/processes.go:59.2,61.34 2 4
github.com/convox/rack/api/controllers/processes.go:21.40,23.3 1 0
github.com/convox/rack/api/controllers/processes.go:27.16,29.3 1 0
github.com/convox/rack/api/controllers/processes.go:31.11,35.31 3 2
github.com/convox/rack/api/controllers/processes.go:49.3,51.10 2 2
github.com/convox/rack/api/controllers/processes.go:35.31,38.67 2 3
github.com/convox/rack/api/controllers/processes.go:38.67,43.19 3 3
github.com/convox/rack/api/controllers/processes.go:43.19,45.6 1 0
github.com/convox/rack/api/controllers/processes.go:52.3,53.30 1 0
github.com/convox/rack/api/controllers/processes.go:54.3,54.11 0 2
github.com/convox/rack/api/controllers/processes.go:64.74,71.40 5 0
github.com/convox/rack/api/controllers/processes.go:75.2,77.16 2 0
github.com/convox/rack/api/controllers/processes.go:81.2,83.16 2 0
github.com/convox/rack/api/controllers/processes.go:87.2,87.26 1 0
github.com/convox/rack/api/controllers/processes.go:71.40,73.3 1 0
github.com/convox/rack/api/controllers/processes.go:77.16,79.3 1 0
github.com/convox/rack/api/controllers/processes.go:83.16,85.3 1 0
github.com/convox/rack/api/controllers/processes.go:90.61,102.40 9 0
github.com/convox/rack/api/controllers/processes.go:106.2,106.16 1 0
github.com/convox/rack/api/controllers/processes.go:110.2,110.72 1 0
github.com/convox/rack/api/controllers/processes.go:102.40,104.3 1 0
github.com/convox/rack/api/controllers/processes.go:106.16,108.3 1 0
github.com/convox/rack/api/controllers/processes.go:113.81,122.40 7 0
github.com/convox/rack/api/controllers/processes.go:126.2,128.16 2 0
github.com/convox/rack/api/controllers/processes.go:132.2,132.26 1 0
github.com/convox/rack/api/controllers/processes.go:122.40,124.3 1 0
github.com/convox/rack/api/controllers/processes.go:128.16,130.3 1 0
github.com/convox/rack/api/controllers/processes.go:135.60,148.40 10 0
github.com/convox/rack/api/controllers/processes.go:152.2,152.16 1 0
github.com/convox/rack/api/controllers/processes.go:156.2,156.84 1 0
github.com/convox/rack/api/controllers/processes.go:148.40,150.3 1 0
github.com/convox/rack/api/controllers/processes.go:152.16,154.3 1 0
github.com/convox/rack/api/controllers/processes.go:159.74,166.40 5 0
github.com/convox/rack/api/controllers/processes.go:170.2,172.16 2 0
github.com/convox/rack/api/controllers/processes.go:176.2,176.15 1 0
github.com/convox/rack/api/controllers/processes.go:180.2,182.16 2 0
github.com/convox/rack/api/controllers/processes.go:186.2,186.27 1 0
github.com/convox/rack/api/controllers/processes.go:166.40,168.3 1 0
github.com/convox/rack/api/controllers/processes.go:172.16,174.3 1 0
github.com/convox/rack/api/controllers/processes.go:176.15,178.3 1 0
github.com/convox/rack/api/controllers/processes.go:182.16,184.3 1 0
github.com/convox/rack/api/controllers/racks.go:10.71,17.2 1 0
github.com/convox/rack/api/controllers/routes.go:9.60,12.2 2 28
github.com/convox/rack/api/controllers/routes.go:14.39,92.2 64 28
github.com/convox/rack/api/controllers/utility.go:5.59,6.27 1 0
github.com/convox/rack/api/controllers/utility.go:9.60,11.2 1 0
github.com/convox/rack/api/controllers/auth.go:9.66,12.2 2 0
github.com/convox/rack/api/controllers/environment.go:12.78,17.40 3 0
github.com/convox/rack/api/controllers/environment.go:21.2,21.16 1 0
github.com/convox/rack/api/controllers/environment.go:25.2,25.28 1 0
github.com/convox/rack/api/controllers/environment.go:17.40,19.3 1 0
github.com/convox/rack/api/controllers/environment.go:21.16,23.3 1 0
github.com/convox/rack/api/controllers/environment.go:28.77,35.40 4 0
github.com/convox/rack/api/controllers/environment.go:39.2,41.16 2 0
github.com/convox/rack/api/controllers/environment.go:45.2,47.16 2 0
github.com/convox/rack/api/controllers/environment.go:51.2,55.16 3 0
github.com/convox/rack/api/controllers/environment.go:59.2,59.28 1 0
github.com/convox/rack/api/controllers/environment.go:35.40,37.3 1 0
github.com/convox/rack/api/controllers/environment.go:41.16,43.3 1 0
github.com/convox/rack/api/controllers/environment.go:47.16,49.3 1 0
github.com/convox/rack/api/controllers/environment.go:55.16,57.3 1 0
github.com/convox/rack/api/controllers/environment.go:62.80,69.40 5 0
github.com/convox/rack/api/controllers/environment.go:73.2,73.16 1 0
github.com/convox/rack/api/controllers/environment.go:77.2,81.16 3 0
github.com/convox/rack/api/controllers/environment.go:85.2,89.16 3 0
github.com/convox/rack/api/controllers/environment.go:93.2,93.28 1 0
github.com/convox/rack/api/controllers/environment.go:69.40,71.3 1 0
github.com/convox/rack/api/controllers/environment.go:73.16,75.3 1 0
github.com/convox/rack/api/controllers/environment.go:81.16,83.3 1 0
github.com/convox/rack/api/controllers/environment.go:89.16,91.3 1 0
github.com/convox/rack/api/controllers/links.go:11.73,15.40 3 0
github.com/convox/rack/api/controllers/links.go:18.2,18.16 1 0
github.com/convox/rack/api/controllers/links.go:21.2,21.27 1 0
github.com/convox/rack/api/controllers/links.go:25.2,26.16 2 0
github.com/convox/rack/api/controllers/links.go:30.2,30.26 1 0
github.com/convox/rack/api/controllers/links.go:15.40,17.3 1 0
github.com/convox/rack/api/controllers/links.go:18.16,20.3 1 0
github.com/convox/rack/api/controllers/links.go:21.27,23.3 1 0
github.com/convox/rack/api/controllers/links.go:26.16,28.3 1 0
github.com/convox/rack/api/controllers/links.go:33.73,38.40 4 0
github.com/convox/rack/api/controllers/links.go:41.2,41.16 1 0
github.com/convox/rack/api/controllers/links.go:44.2,44.27 1 0
github.com/convox/rack/api/controllers/links.go:48.2,49.16 2 0
github.com/convox/rack/api/controllers/links.go:53.2,53.26 1 0
github.com/convox/rack/api/controllers/links.go:38.40,40.3 1 0
github.com/convox/rack/api/controllers/links.go:41.16,43.3 1 0
github.com/convox/rack/api/controllers/links.go:44.27,46.3 1 0
github.com/convox/rack/api/controllers/links.go:49.16,51.3 1 0
github.com/convox/rack/api/controllers/ssl.go:12.70,17.40 3 0
github.com/convox/rack/api/controllers/ssl.go:21.2,21.16 1 0
github.com/convox/rack/api/controllers/ssl.go:25.2,25.29 1 0
github.com/convox/rack/api/controllers/ssl.go:17.40,19.3 1 0
github.com/convox/rack/api/controllers/ssl.go:21.16,23.3 1 0
github.com/convox/rack/api/controllers/ssl.go:28.72,35.19 6 0
github.com/convox/rack/api/controllers/ssl.go:39.2,41.16 2 0
github.com/convox/rack/api/controllers/ssl.go:45.2,47.40 2 0
github.com/convox/rack/api/controllers/ssl.go:51.2,51.16 1 0
github.com/convox/rack/api/controllers/ssl.go:55.2,55.28 1 0
github.com/convox/rack/api/controllers/ssl.go:35.19,37.3 1 0
github.com/convox/rack/api/controllers/ssl.go:41.16,43.3 1 0
github.com/convox/rack/api/controllers/ssl.go:47.40,49.3 1 0
github.com/convox/rack/api/controllers/ssl.go:51.16,53.3 1 0
